The target system is: Linux - 1 - 
The host system is: Linux - 5.4.0-89-generic - x86_64
Compiling the C compiler identification source file "CMakeCCompilerId.c" succeeded.
Compiler: /opt/vtcs_toolchain/vienna/usr/bin/arm-linux-gcc 
Build flags: 
Id flags:  

The output was:
0


Compilation of the C compiler identification source "CMakeCCompilerId.c" produced "a.out"

The C compiler identification is GNU, found in "/home/ethan/Vatics-M5s/build_ade_vienna/CMakeFiles/3.22.0-rc1/CompilerIdC/a.out"

Compiling the CXX compiler identification source file "CMakeCXXCompilerId.cpp" succeeded.
Compiler: /opt/vtcs_toolchain/vienna/usr/bin/arm-linux-g++ 
Build flags: 
Id flags:  

The output was:
0


Compilation of the CXX compiler identification source "CMakeCXXCompilerId.cpp" produced "a.out"

The CXX compiler identification is GNU, found in "/home/ethan/Vatics-M5s/build_ade_vienna/CMakeFiles/3.22.0-rc1/CompilerIdCXX/a.out"

Detecting C compiler ABI info compiled with the following output:
Change Dir: /home/ethan/Vatics-M5s/build_ade_vienna/CMakeFiles/CMakeTmp

Run Build Command(s):/usr/bin/make -f Makefile cmTC_64fa9/fast && /usr/bin/make  -f CMakeFiles/cmTC_64fa9.dir/build.make CMakeFiles/cmTC_64fa9.dir/build
make[1]: Entering directory '/home/ethan/Vatics-M5s/build_ade_vienna/CMakeFiles/CMakeTmp'
Building C object CMakeFiles/cmTC_64fa9.dir/CMakeCCompilerABI.c.o
/opt/vtcs_toolchain/vienna/usr/bin/arm-linux-gcc   -v -o CMakeFiles/cmTC_64fa9.dir/CMakeCCompilerABI.c.o -c /opt/cmake-3.22.0-rc1-linux-x86_64/share/cmake-3.22/Modules/CMakeCCompilerABI.c
Using built-in specs.
COLLECT_GCC=/opt/vtcs_toolchain/vienna/usr/bin/arm-linux-gcc.br_real
Target: arm-buildroot-linux-uclibcgnueabihf
Configured with: ./configure --prefix=/opt/vtcs_toolchain/vienna//usr --sysconfdir=/opt/vtcs_toolchain/vienna//etc --enable-static --target=arm-buildroot-linux-uclibcgnueabihf --with-sysroot=/opt/vtcs_toolchain/vienna//usr/arm-buildroot-linux-uclibcgnueabihf/sysroot --disable-__cxa_atexit --with-gnu-ld --disable-libssp --disable-multilib --with-gmp=/opt/vtcs_toolchain/vienna//usr --with-mpc=/opt/vtcs_toolchain/vienna//usr --with-mpfr=/opt/vtcs_toolchain/vienna//usr --with-pkgversion='Buildroot 2017.02.7' --with-bugurl=http://bugs.buildroot.net/ --disable-libquadmath --disable-libsanitizer --enable-tls --enable-plugins --enable-lto --disable-libmudflap --enable-threads --without-isl --without-cloog --disable-decimal-float --with-abi=aapcs-linux --with-cpu=cortex-a5 --with-fpu=neon-vfpv4 --with-float=hard --with-mode=arm --enable-languages=c,c++ --with-build-time-tools=/opt/vtcs_toolchain/vienna//usr/arm-buildroot-linux-uclibcgnueabihf/bin --enable-shared --disable-libgomp
Thread model: posix
gcc version 4.9.4 (Buildroot 2017.02.7) 
COLLECT_GCC_OPTIONS='-v' '-o' 'CMakeFiles/cmTC_64fa9.dir/CMakeCCompilerABI.c.o' '-c' '-mcpu=cortex-a5' '-mfloat-abi=hard' '-mfpu=neon-vfpv4' '-mabi=aapcs-linux' '-marm' '-mtls-dialect=gnu'
 /opt/vtcs_toolchain/vienna/usr/bin/../libexec/gcc/arm-buildroot-linux-uclibcgnueabihf/4.9.4/cc1 -quiet -v -iprefix /opt/vtcs_toolchain/vienna/usr/bin/../lib/gcc/arm-buildroot-linux-uclibcgnueabihf/4.9.4/ -isysroot /opt/vtcs_toolchain/vienna/usr/arm-buildroot-linux-uclibcgnueabihf/sysroot /opt/cmake-3.22.0-rc1-linux-x86_64/share/cmake-3.22/Modules/CMakeCCompilerABI.c -quiet -dumpbase CMakeCCompilerABI.c -mcpu=cortex-a5 -mfloat-abi=hard -mfpu=neon-vfpv4 -mabi=aapcs-linux -marm -mtls-dialect=gnu -auxbase-strip CMakeFiles/cmTC_64fa9.dir/CMakeCCompilerABI.c.o -version -o /tmp/ccZXTY1q.s
GNU C (Buildroot 2017.02.7) version 4.9.4 (arm-buildroot-linux-uclibcgnueabihf)
	compiled by GNU C version 4.9.2, GMP version 6.1.2, MPFR version 3.1.5, MPC version 1.0.3
GGC heuristics: --param ggc-min-expand=100 --param ggc-min-heapsize=131072
ignoring duplicate directory "/opt/vtcs_toolchain/vienna/usr/bin/../lib/gcc/../../lib/gcc/arm-buildroot-linux-uclibcgnueabihf/4.9.4/include"
ignoring nonexistent directory "/opt/vtcs_toolchain/vienna/usr/arm-buildroot-linux-uclibcgnueabihf/sysroot/usr/local/include"
ignoring duplicate directory "/opt/vtcs_toolchain/vienna/usr/bin/../lib/gcc/../../lib/gcc/arm-buildroot-linux-uclibcgnueabihf/4.9.4/include-fixed"
ignoring duplicate directory "/opt/vtcs_toolchain/vienna/usr/bin/../lib/gcc/../../lib/gcc/arm-buildroot-linux-uclibcgnueabihf/4.9.4/../../../../arm-buildroot-linux-uclibcgnueabihf/include"
#include "..." search starts here:
#include <...> search starts here:
 /opt/vtcs_toolchain/vienna/usr/bin/../lib/gcc/arm-buildroot-linux-uclibcgnueabihf/4.9.4/include
 /opt/vtcs_toolchain/vienna/usr/bin/../lib/gcc/arm-buildroot-linux-uclibcgnueabihf/4.9.4/include-fixed
 /opt/vtcs_toolchain/vienna/usr/bin/../lib/gcc/arm-buildroot-linux-uclibcgnueabihf/4.9.4/../../../../arm-buildroot-linux-uclibcgnueabihf/include
 /opt/vtcs_toolchain/vienna/usr/arm-buildroot-linux-uclibcgnueabihf/sysroot/usr/include
End of search list.
GNU C (Buildroot 2017.02.7) version 4.9.4 (arm-buildroot-linux-uclibcgnueabihf)
	compiled by GNU C version 4.9.2, GMP version 6.1.2, MPFR version 3.1.5, MPC version 1.0.3
GGC heuristics: --param ggc-min-expand=100 --param ggc-min-heapsize=131072
Compiler executable checksum: e48055238108181ad2c2c3432b24b488
COLLECT_GCC_OPTIONS='-v' '-o' 'CMakeFiles/cmTC_64fa9.dir/CMakeCCompilerABI.c.o' '-c' '-mcpu=cortex-a5' '-mfloat-abi=hard' '-mfpu=neon-vfpv4' '-mabi=aapcs-linux' '-marm' '-mtls-dialect=gnu'
 /opt/vtcs_toolchain/vienna/usr/bin/../lib/gcc/arm-buildroot-linux-uclibcgnueabihf/4.9.4/../../../../arm-buildroot-linux-uclibcgnueabihf/bin/as -v -mcpu=cortex-a5 -mfloat-abi=hard -mfpu=neon-vfpv4 -meabi=5 -o CMakeFiles/cmTC_64fa9.dir/CMakeCCompilerABI.c.o /tmp/ccZXTY1q.s
GNU assembler version 2.26.1 (arm-buildroot-linux-uclibcgnueabihf) using BFD version (GNU Binutils) 2.26.1
COMPILER_PATH=/opt/vtcs_toolchain/vienna/usr/bin/../libexec/gcc/arm-buildroot-linux-uclibcgnueabihf/4.9.4/:/opt/vtcs_toolchain/vienna/usr/bin/../libexec/gcc/:/opt/vtcs_toolchain/vienna/usr/bin/../lib/gcc/arm-buildroot-linux-uclibcgnueabihf/4.9.4/../../../../arm-buildroot-linux-uclibcgnueabihf/bin/
LIBRARY_PATH=/opt/vtcs_toolchain/vienna/usr/bin/../lib/gcc/arm-buildroot-linux-uclibcgnueabihf/4.9.4/:/opt/vtcs_toolchain/vienna/usr/bin/../lib/gcc/:/opt/vtcs_toolchain/vienna/usr/bin/../lib/gcc/arm-buildroot-linux-uclibcgnueabihf/4.9.4/../../../../arm-buildroot-linux-uclibcgnueabihf/lib/:/opt/vtcs_toolchain/vienna/usr/arm-buildroot-linux-uclibcgnueabihf/sysroot/lib/:/opt/vtcs_toolchain/vienna/usr/arm-buildroot-linux-uclibcgnueabihf/sysroot/usr/lib/
COLLECT_GCC_OPTIONS='-v' '-o' 'CMakeFiles/cmTC_64fa9.dir/CMakeCCompilerABI.c.o' '-c' '-mcpu=cortex-a5' '-mfloat-abi=hard' '-mfpu=neon-vfpv4' '-mabi=aapcs-linux' '-marm' '-mtls-dialect=gnu'
Linking C executable cmTC_64fa9
/opt/cmake-3.22.0-rc1-linux-x86_64/bin/cmake -E cmake_link_script CMakeFiles/cmTC_64fa9.dir/link.txt --verbose=1
/opt/vtcs_toolchain/vienna/usr/bin/arm-linux-gcc  -v -rdynamic CMakeFiles/cmTC_64fa9.dir/CMakeCCompilerABI.c.o -o cmTC_64fa9 
Using built-in specs.
COLLECT_GCC=/opt/vtcs_toolchain/vienna/usr/bin/arm-linux-gcc.br_real
COLLECT_LTO_WRAPPER=/opt/vtcs_toolchain/vienna/usr/bin/../libexec/gcc/arm-buildroot-linux-uclibcgnueabihf/4.9.4/lto-wrapper
Target: arm-buildroot-linux-uclibcgnueabihf
Configured with: ./configure --prefix=/opt/vtcs_toolchain/vienna//usr --sysconfdir=/opt/vtcs_toolchain/vienna//etc --enable-static --target=arm-buildroot-linux-uclibcgnueabihf --with-sysroot=/opt/vtcs_toolchain/vienna//usr/arm-buildroot-linux-uclibcgnueabihf/sysroot --disable-__cxa_atexit --with-gnu-ld --disable-libssp --disable-multilib --with-gmp=/opt/vtcs_toolchain/vienna//usr --with-mpc=/opt/vtcs_toolchain/vienna//usr --with-mpfr=/opt/vtcs_toolchain/vienna//usr --with-pkgversion='Buildroot 2017.02.7' --with-bugurl=http://bugs.buildroot.net/ --disable-libquadmath --disable-libsanitizer --enable-tls --enable-plugins --enable-lto --disable-libmudflap --enable-threads --without-isl --without-cloog --disable-decimal-float --with-abi=aapcs-linux --with-cpu=cortex-a5 --with-fpu=neon-vfpv4 --with-float=hard --with-mode=arm --enable-languages=c,c++ --with-build-time-tools=/opt/vtcs_toolchain/vienna//usr/arm-buildroot-linux-uclibcgnueabihf/bin --enable-shared --disable-libgomp
Thread model: posix
gcc version 4.9.4 (Buildroot 2017.02.7) 
COMPILER_PATH=/opt/vtcs_toolchain/vienna/usr/bin/../libexec/gcc/arm-buildroot-linux-uclibcgnueabihf/4.9.4/:/opt/vtcs_toolchain/vienna/usr/bin/../libexec/gcc/:/opt/vtcs_toolchain/vienna/usr/bin/../lib/gcc/arm-buildroot-linux-uclibcgnueabihf/4.9.4/../../../../arm-buildroot-linux-uclibcgnueabihf/bin/
LIBRARY_PATH=/opt/vtcs_toolchain/vienna/usr/bin/../lib/gcc/arm-buildroot-linux-uclibcgnueabihf/4.9.4/:/opt/vtcs_toolchain/vienna/usr/bin/../lib/gcc/:/opt/vtcs_toolchain/vienna/usr/bin/../lib/gcc/arm-buildroot-linux-uclibcgnueabihf/4.9.4/../../../../arm-buildroot-linux-uclibcgnueabihf/lib/:/opt/vtcs_toolchain/vienna/usr/arm-buildroot-linux-uclibcgnueabihf/sysroot/lib/:/opt/vtcs_toolchain/vienna/usr/arm-buildroot-linux-uclibcgnueabihf/sysroot/usr/lib/
COLLECT_GCC_OPTIONS='-v' '-rdynamic' '-o' 'cmTC_64fa9' '-mcpu=cortex-a5' '-mfloat-abi=hard' '-mfpu=neon-vfpv4' '-mabi=aapcs-linux' '-marm' '-mtls-dialect=gnu'
 /opt/vtcs_toolchain/vienna/usr/bin/../libexec/gcc/arm-buildroot-linux-uclibcgnueabihf/4.9.4/collect2 -plugin /opt/vtcs_toolchain/vienna/usr/bin/../libexec/gcc/arm-buildroot-linux-uclibcgnueabihf/4.9.4/liblto_plugin.so -plugin-opt=/opt/vtcs_toolchain/vienna/usr/bin/../libexec/gcc/arm-buildroot-linux-uclibcgnueabihf/4.9.4/lto-wrapper -plugin-opt=-fresolution=/tmp/ccjpk58s.res -plugin-opt=-pass-through=-lgcc -plugin-opt=-pass-through=-lgcc_s -plugin-opt=-pass-through=-lc -plugin-opt=-pass-through=-lgcc -plugin-opt=-pass-through=-lgcc_s --sysroot=/opt/vtcs_toolchain/vienna/usr/arm-buildroot-linux-uclibcgnueabihf/sysroot --eh-frame-hdr -export-dynamic -dynamic-linker /lib/ld-uClibc.so.0 -X -m armelf_linux_eabi -o cmTC_64fa9 /opt/vtcs_toolchain/vienna/usr/arm-buildroot-linux-uclibcgnueabihf/sysroot/usr/lib/crt1.o /opt/vtcs_toolchain/vienna/usr/arm-buildroot-linux-uclibcgnueabihf/sysroot/usr/lib/crti.o /opt/vtcs_toolchain/vienna/usr/bin/../lib/gcc/arm-buildroot-linux-uclibcgnueabihf/4.9.4/crtbegin.o -L/opt/vtcs_toolchain/vienna/usr/bin/../lib/gcc/arm-buildroot-linux-uclibcgnueabihf/4.9.4 -L/opt/vtcs_toolchain/vienna/usr/bin/../lib/gcc -L/opt/vtcs_toolchain/vienna/usr/bin/../lib/gcc/arm-buildroot-linux-uclibcgnueabihf/4.9.4/../../../../arm-buildroot-linux-uclibcgnueabihf/lib -L/opt/vtcs_toolchain/vienna/usr/arm-buildroot-linux-uclibcgnueabihf/sysroot/lib -L/opt/vtcs_toolchain/vienna/usr/arm-buildroot-linux-uclibcgnueabihf/sysroot/usr/lib CMakeFiles/cmTC_64fa9.dir/CMakeCCompilerABI.c.o -lgcc --as-needed -lgcc_s --no-as-needed -lc -lgcc --as-needed -lgcc_s --no-as-needed /opt/vtcs_toolchain/vienna/usr/bin/../lib/gcc/arm-buildroot-linux-uclibcgnueabihf/4.9.4/crtend.o /opt/vtcs_toolchain/vienna/usr/arm-buildroot-linux-uclibcgnueabihf/sysroot/usr/lib/crtn.o
make[1]: Leaving directory '/home/ethan/Vatics-M5s/build_ade_vienna/CMakeFiles/CMakeTmp'



Parsed C implicit include dir info from above output: rv=done
  found start of include info
  found start of implicit include info
    add: [/opt/vtcs_toolchain/vienna/usr/bin/../lib/gcc/arm-buildroot-linux-uclibcgnueabihf/4.9.4/include]
    add: [/opt/vtcs_toolchain/vienna/usr/bin/../lib/gcc/arm-buildroot-linux-uclibcgnueabihf/4.9.4/include-fixed]
    add: [/opt/vtcs_toolchain/vienna/usr/bin/../lib/gcc/arm-buildroot-linux-uclibcgnueabihf/4.9.4/../../../../arm-buildroot-linux-uclibcgnueabihf/include]
    add: [/opt/vtcs_toolchain/vienna/usr/arm-buildroot-linux-uclibcgnueabihf/sysroot/usr/include]
  end of search list found
  collapse include dir [/opt/vtcs_toolchain/vienna/usr/bin/../lib/gcc/arm-buildroot-linux-uclibcgnueabihf/4.9.4/include] ==> [/opt/vtcs_toolchain/vienna/usr/lib/gcc/arm-buildroot-linux-uclibcgnueabihf/4.9.4/include]
  collapse include dir [/opt/vtcs_toolchain/vienna/usr/bin/../lib/gcc/arm-buildroot-linux-uclibcgnueabihf/4.9.4/include-fixed] ==> [/opt/vtcs_toolchain/vienna/usr/lib/gcc/arm-buildroot-linux-uclibcgnueabihf/4.9.4/include-fixed]
  collapse include dir [/opt/vtcs_toolchain/vienna/usr/bin/../lib/gcc/arm-buildroot-linux-uclibcgnueabihf/4.9.4/../../../../arm-buildroot-linux-uclibcgnueabihf/include] ==> [/opt/vtcs_toolchain/vienna/usr/arm-buildroot-linux-uclibcgnueabihf/include]
  collapse include dir [/opt/vtcs_toolchain/vienna/usr/arm-buildroot-linux-uclibcgnueabihf/sysroot/usr/include] ==> [/opt/vtcs_toolchain/vienna/usr/arm-buildroot-linux-uclibcgnueabihf/sysroot/usr/include]
  implicit include dirs: [/opt/vtcs_toolchain/vienna/usr/lib/gcc/arm-buildroot-linux-uclibcgnueabihf/4.9.4/include;/opt/vtcs_toolchain/vienna/usr/lib/gcc/arm-buildroot-linux-uclibcgnueabihf/4.9.4/include-fixed;/opt/vtcs_toolchain/vienna/usr/arm-buildroot-linux-uclibcgnueabihf/include;/opt/vtcs_toolchain/vienna/usr/arm-buildroot-linux-uclibcgnueabihf/sysroot/usr/include]


Parsed C implicit link information from above output:
  link line regex: [^( *|.*[/\])(arm-linux-ld|CMAKE_LINK_STARTFILE-NOTFOUND|([^/\]+-)?ld|collect2)[^/\]*( |$)]
  ignore line: [Change Dir: /home/ethan/Vatics-M5s/build_ade_vienna/CMakeFiles/CMakeTmp]
  ignore line: []
  ignore line: [Run Build Command(s):/usr/bin/make -f Makefile cmTC_64fa9/fast && /usr/bin/make  -f CMakeFiles/cmTC_64fa9.dir/build.make CMakeFiles/cmTC_64fa9.dir/build]
  ignore line: [make[1]: Entering directory '/home/ethan/Vatics-M5s/build_ade_vienna/CMakeFiles/CMakeTmp']
  ignore line: [Building C object CMakeFiles/cmTC_64fa9.dir/CMakeCCompilerABI.c.o]
  ignore line: [/opt/vtcs_toolchain/vienna/usr/bin/arm-linux-gcc   -v -o CMakeFiles/cmTC_64fa9.dir/CMakeCCompilerABI.c.o -c /opt/cmake-3.22.0-rc1-linux-x86_64/share/cmake-3.22/Modules/CMakeCCompilerABI.c]
  ignore line: [Using built-in specs.]
  ignore line: [COLLECT_GCC=/opt/vtcs_toolchain/vienna/usr/bin/arm-linux-gcc.br_real]
  ignore line: [Target: arm-buildroot-linux-uclibcgnueabihf]
  ignore line: [Configured with: ./configure --prefix=/opt/vtcs_toolchain/vienna//usr --sysconfdir=/opt/vtcs_toolchain/vienna//etc --enable-static --target=arm-buildroot-linux-uclibcgnueabihf --with-sysroot=/opt/vtcs_toolchain/vienna//usr/arm-buildroot-linux-uclibcgnueabihf/sysroot --disable-__cxa_atexit --with-gnu-ld --disable-libssp --disable-multilib --with-gmp=/opt/vtcs_toolchain/vienna//usr --with-mpc=/opt/vtcs_toolchain/vienna//usr --with-mpfr=/opt/vtcs_toolchain/vienna//usr --with-pkgversion='Buildroot 2017.02.7' --with-bugurl=http://bugs.buildroot.net/ --disable-libquadmath --disable-libsanitizer --enable-tls --enable-plugins --enable-lto --disable-libmudflap --enable-threads --without-isl --without-cloog --disable-decimal-float --with-abi=aapcs-linux --with-cpu=cortex-a5 --with-fpu=neon-vfpv4 --with-float=hard --with-mode=arm --enable-languages=c,c++ --with-build-time-tools=/opt/vtcs_toolchain/vienna//usr/arm-buildroot-linux-uclibcgnueabihf/bin --enable-shared --disable-libgomp]
  ignore line: [Thread model: posix]
  ignore line: [gcc version 4.9.4 (Buildroot 2017.02.7) ]
  ignore line: [COLLECT_GCC_OPTIONS='-v' '-o' 'CMakeFiles/cmTC_64fa9.dir/CMakeCCompilerABI.c.o' '-c' '-mcpu=cortex-a5' '-mfloat-abi=hard' '-mfpu=neon-vfpv4' '-mabi=aapcs-linux' '-marm' '-mtls-dialect=gnu']
  ignore line: [ /opt/vtcs_toolchain/vienna/usr/bin/../libexec/gcc/arm-buildroot-linux-uclibcgnueabihf/4.9.4/cc1 -quiet -v -iprefix /opt/vtcs_toolchain/vienna/usr/bin/../lib/gcc/arm-buildroot-linux-uclibcgnueabihf/4.9.4/ -isysroot /opt/vtcs_toolchain/vienna/usr/arm-buildroot-linux-uclibcgnueabihf/sysroot /opt/cmake-3.22.0-rc1-linux-x86_64/share/cmake-3.22/Modules/CMakeCCompilerABI.c -quiet -dumpbase CMakeCCompilerABI.c -mcpu=cortex-a5 -mfloat-abi=hard -mfpu=neon-vfpv4 -mabi=aapcs-linux -marm -mtls-dialect=gnu -auxbase-strip CMakeFiles/cmTC_64fa9.dir/CMakeCCompilerABI.c.o -version -o /tmp/ccZXTY1q.s]
  ignore line: [GNU C (Buildroot 2017.02.7) version 4.9.4 (arm-buildroot-linux-uclibcgnueabihf)]
  ignore line: [	compiled by GNU C version 4.9.2  GMP version 6.1.2  MPFR version 3.1.5  MPC version 1.0.3]
  ignore line: [GGC heuristics: --param ggc-min-expand=100 --param ggc-min-heapsize=131072]
  ignore line: [ignoring duplicate directory "/opt/vtcs_toolchain/vienna/usr/bin/../lib/gcc/../../lib/gcc/arm-buildroot-linux-uclibcgnueabihf/4.9.4/include"]
  ignore line: [ignoring nonexistent directory "/opt/vtcs_toolchain/vienna/usr/arm-buildroot-linux-uclibcgnueabihf/sysroot/usr/local/include"]
  ignore line: [ignoring duplicate directory "/opt/vtcs_toolchain/vienna/usr/bin/../lib/gcc/../../lib/gcc/arm-buildroot-linux-uclibcgnueabihf/4.9.4/include-fixed"]
  ignore line: [ignoring duplicate directory "/opt/vtcs_toolchain/vienna/usr/bin/../lib/gcc/../../lib/gcc/arm-buildroot-linux-uclibcgnueabihf/4.9.4/../../../../arm-buildroot-linux-uclibcgnueabihf/include"]
  ignore line: [#include "..." search starts here:]
  ignore line: [#include <...> search starts here:]
  ignore line: [ /opt/vtcs_toolchain/vienna/usr/bin/../lib/gcc/arm-buildroot-linux-uclibcgnueabihf/4.9.4/include]
  ignore line: [ /opt/vtcs_toolchain/vienna/usr/bin/../lib/gcc/arm-buildroot-linux-uclibcgnueabihf/4.9.4/include-fixed]
  ignore line: [ /opt/vtcs_toolchain/vienna/usr/bin/../lib/gcc/arm-buildroot-linux-uclibcgnueabihf/4.9.4/../../../../arm-buildroot-linux-uclibcgnueabihf/include]
  ignore line: [ /opt/vtcs_toolchain/vienna/usr/arm-buildroot-linux-uclibcgnueabihf/sysroot/usr/include]
  ignore line: [End of search list.]
  ignore line: [GNU C (Buildroot 2017.02.7) version 4.9.4 (arm-buildroot-linux-uclibcgnueabihf)]
  ignore line: [	compiled by GNU C version 4.9.2  GMP version 6.1.2  MPFR version 3.1.5  MPC version 1.0.3]
  ignore line: [GGC heuristics: --param ggc-min-expand=100 --param ggc-min-heapsize=131072]
  ignore line: [Compiler executable checksum: e48055238108181ad2c2c3432b24b488]
  ignore line: [COLLECT_GCC_OPTIONS='-v' '-o' 'CMakeFiles/cmTC_64fa9.dir/CMakeCCompilerABI.c.o' '-c' '-mcpu=cortex-a5' '-mfloat-abi=hard' '-mfpu=neon-vfpv4' '-mabi=aapcs-linux' '-marm' '-mtls-dialect=gnu']
  ignore line: [ /opt/vtcs_toolchain/vienna/usr/bin/../lib/gcc/arm-buildroot-linux-uclibcgnueabihf/4.9.4/../../../../arm-buildroot-linux-uclibcgnueabihf/bin/as -v -mcpu=cortex-a5 -mfloat-abi=hard -mfpu=neon-vfpv4 -meabi=5 -o CMakeFiles/cmTC_64fa9.dir/CMakeCCompilerABI.c.o /tmp/ccZXTY1q.s]
  ignore line: [GNU assembler version 2.26.1 (arm-buildroot-linux-uclibcgnueabihf) using BFD version (GNU Binutils) 2.26.1]
  ignore line: [COMPILER_PATH=/opt/vtcs_toolchain/vienna/usr/bin/../libexec/gcc/arm-buildroot-linux-uclibcgnueabihf/4.9.4/:/opt/vtcs_toolchain/vienna/usr/bin/../libexec/gcc/:/opt/vtcs_toolchain/vienna/usr/bin/../lib/gcc/arm-buildroot-linux-uclibcgnueabihf/4.9.4/../../../../arm-buildroot-linux-uclibcgnueabihf/bin/]
  ignore line: [LIBRARY_PATH=/opt/vtcs_toolchain/vienna/usr/bin/../lib/gcc/arm-buildroot-linux-uclibcgnueabihf/4.9.4/:/opt/vtcs_toolchain/vienna/usr/bin/../lib/gcc/:/opt/vtcs_toolchain/vienna/usr/bin/../lib/gcc/arm-buildroot-linux-uclibcgnueabihf/4.9.4/../../../../arm-buildroot-linux-uclibcgnueabihf/lib/:/opt/vtcs_toolchain/vienna/usr/arm-buildroot-linux-uclibcgnueabihf/sysroot/lib/:/opt/vtcs_toolchain/vienna/usr/arm-buildroot-linux-uclibcgnueabihf/sysroot/usr/lib/]
  ignore line: [COLLECT_GCC_OPTIONS='-v' '-o' 'CMakeFiles/cmTC_64fa9.dir/CMakeCCompilerABI.c.o' '-c' '-mcpu=cortex-a5' '-mfloat-abi=hard' '-mfpu=neon-vfpv4' '-mabi=aapcs-linux' '-marm' '-mtls-dialect=gnu']
  ignore line: [Linking C executable cmTC_64fa9]
  ignore line: [/opt/cmake-3.22.0-rc1-linux-x86_64/bin/cmake -E cmake_link_script CMakeFiles/cmTC_64fa9.dir/link.txt --verbose=1]
  ignore line: [/opt/vtcs_toolchain/vienna/usr/bin/arm-linux-gcc  -v -rdynamic CMakeFiles/cmTC_64fa9.dir/CMakeCCompilerABI.c.o -o cmTC_64fa9 ]
  ignore line: [Using built-in specs.]
  ignore line: [COLLECT_GCC=/opt/vtcs_toolchain/vienna/usr/bin/arm-linux-gcc.br_real]
  ignore line: [COLLECT_LTO_WRAPPER=/opt/vtcs_toolchain/vienna/usr/bin/../libexec/gcc/arm-buildroot-linux-uclibcgnueabihf/4.9.4/lto-wrapper]
  ignore line: [Target: arm-buildroot-linux-uclibcgnueabihf]
  ignore line: [Configured with: ./configure --prefix=/opt/vtcs_toolchain/vienna//usr --sysconfdir=/opt/vtcs_toolchain/vienna//etc --enable-static --target=arm-buildroot-linux-uclibcgnueabihf --with-sysroot=/opt/vtcs_toolchain/vienna//usr/arm-buildroot-linux-uclibcgnueabihf/sysroot --disable-__cxa_atexit --with-gnu-ld --disable-libssp --disable-multilib --with-gmp=/opt/vtcs_toolchain/vienna//usr --with-mpc=/opt/vtcs_toolchain/vienna//usr --with-mpfr=/opt/vtcs_toolchain/vienna//usr --with-pkgversion='Buildroot 2017.02.7' --with-bugurl=http://bugs.buildroot.net/ --disable-libquadmath --disable-libsanitizer --enable-tls --enable-plugins --enable-lto --disable-libmudflap --enable-threads --without-isl --without-cloog --disable-decimal-float --with-abi=aapcs-linux --with-cpu=cortex-a5 --with-fpu=neon-vfpv4 --with-float=hard --with-mode=arm --enable-languages=c,c++ --with-build-time-tools=/opt/vtcs_toolchain/vienna//usr/arm-buildroot-linux-uclibcgnueabihf/bin --enable-shared --disable-libgomp]
  ignore line: [Thread model: posix]
  ignore line: [gcc version 4.9.4 (Buildroot 2017.02.7) ]
  ignore line: [COMPILER_PATH=/opt/vtcs_toolchain/vienna/usr/bin/../libexec/gcc/arm-buildroot-linux-uclibcgnueabihf/4.9.4/:/opt/vtcs_toolchain/vienna/usr/bin/../libexec/gcc/:/opt/vtcs_toolchain/vienna/usr/bin/../lib/gcc/arm-buildroot-linux-uclibcgnueabihf/4.9.4/../../../../arm-buildroot-linux-uclibcgnueabihf/bin/]
  ignore line: [LIBRARY_PATH=/opt/vtcs_toolchain/vienna/usr/bin/../lib/gcc/arm-buildroot-linux-uclibcgnueabihf/4.9.4/:/opt/vtcs_toolchain/vienna/usr/bin/../lib/gcc/:/opt/vtcs_toolchain/vienna/usr/bin/../lib/gcc/arm-buildroot-linux-uclibcgnueabihf/4.9.4/../../../../arm-buildroot-linux-uclibcgnueabihf/lib/:/opt/vtcs_toolchain/vienna/usr/arm-buildroot-linux-uclibcgnueabihf/sysroot/lib/:/opt/vtcs_toolchain/vienna/usr/arm-buildroot-linux-uclibcgnueabihf/sysroot/usr/lib/]
  ignore line: [COLLECT_GCC_OPTIONS='-v' '-rdynamic' '-o' 'cmTC_64fa9' '-mcpu=cortex-a5' '-mfloat-abi=hard' '-mfpu=neon-vfpv4' '-mabi=aapcs-linux' '-marm' '-mtls-dialect=gnu']
  link line: [ /opt/vtcs_toolchain/vienna/usr/bin/../libexec/gcc/arm-buildroot-linux-uclibcgnueabihf/4.9.4/collect2 -plugin /opt/vtcs_toolchain/vienna/usr/bin/../libexec/gcc/arm-buildroot-linux-uclibcgnueabihf/4.9.4/liblto_plugin.so -plugin-opt=/opt/vtcs_toolchain/vienna/usr/bin/../libexec/gcc/arm-buildroot-linux-uclibcgnueabihf/4.9.4/lto-wrapper -plugin-opt=-fresolution=/tmp/ccjpk58s.res -plugin-opt=-pass-through=-lgcc -plugin-opt=-pass-through=-lgcc_s -plugin-opt=-pass-through=-lc -plugin-opt=-pass-through=-lgcc -plugin-opt=-pass-through=-lgcc_s --sysroot=/opt/vtcs_toolchain/vienna/usr/arm-buildroot-linux-uclibcgnueabihf/sysroot --eh-frame-hdr -export-dynamic -dynamic-linker /lib/ld-uClibc.so.0 -X -m armelf_linux_eabi -o cmTC_64fa9 /opt/vtcs_toolchain/vienna/usr/arm-buildroot-linux-uclibcgnueabihf/sysroot/usr/lib/crt1.o /opt/vtcs_toolchain/vienna/usr/arm-buildroot-linux-uclibcgnueabihf/sysroot/usr/lib/crti.o /opt/vtcs_toolchain/vienna/usr/bin/../lib/gcc/arm-buildroot-linux-uclibcgnueabihf/4.9.4/crtbegin.o -L/opt/vtcs_toolchain/vienna/usr/bin/../lib/gcc/arm-buildroot-linux-uclibcgnueabihf/4.9.4 -L/opt/vtcs_toolchain/vienna/usr/bin/../lib/gcc -L/opt/vtcs_toolchain/vienna/usr/bin/../lib/gcc/arm-buildroot-linux-uclibcgnueabihf/4.9.4/../../../../arm-buildroot-linux-uclibcgnueabihf/lib -L/opt/vtcs_toolchain/vienna/usr/arm-buildroot-linux-uclibcgnueabihf/sysroot/lib -L/opt/vtcs_toolchain/vienna/usr/arm-buildroot-linux-uclibcgnueabihf/sysroot/usr/lib CMakeFiles/cmTC_64fa9.dir/CMakeCCompilerABI.c.o -lgcc --as-needed -lgcc_s --no-as-needed -lc -lgcc --as-needed -lgcc_s --no-as-needed /opt/vtcs_toolchain/vienna/usr/bin/../lib/gcc/arm-buildroot-linux-uclibcgnueabihf/4.9.4/crtend.o /opt/vtcs_toolchain/vienna/usr/arm-buildroot-linux-uclibcgnueabihf/sysroot/usr/lib/crtn.o]
    arg [/opt/vtcs_toolchain/vienna/usr/bin/../libexec/gcc/arm-buildroot-linux-uclibcgnueabihf/4.9.4/collect2] ==> ignore
    arg [-plugin] ==> ignore
    arg [/opt/vtcs_toolchain/vienna/usr/bin/../libexec/gcc/arm-buildroot-linux-uclibcgnueabihf/4.9.4/liblto_plugin.so] ==> ignore
    arg [-plugin-opt=/opt/vtcs_toolchain/vienna/usr/bin/../libexec/gcc/arm-buildroot-linux-uclibcgnueabihf/4.9.4/lto-wrapper] ==> ignore
    arg [-plugin-opt=-fresolution=/tmp/ccjpk58s.res] ==> ignore
    arg [-plugin-opt=-pass-through=-lgcc] ==> ignore
    arg [-plugin-opt=-pass-through=-lgcc_s] ==> ignore
    arg [-plugin-opt=-pass-through=-lc] ==> ignore
    arg [-plugin-opt=-pass-through=-lgcc] ==> ignore
    arg [-plugin-opt=-pass-through=-lgcc_s] ==> ignore
    arg [--sysroot=/opt/vtcs_toolchain/vienna/usr/arm-buildroot-linux-uclibcgnueabihf/sysroot] ==> ignore
    arg [--eh-frame-hdr] ==> ignore
    arg [-export-dynamic] ==> ignore
    arg [-dynamic-linker] ==> ignore
    arg [/lib/ld-uClibc.so.0] ==> ignore
    arg [-X] ==> ignore
    arg [-m] ==> ignore
    arg [armelf_linux_eabi] ==> ignore
    arg [-o] ==> ignore
    arg [cmTC_64fa9] ==> ignore
    arg [/opt/vtcs_toolchain/vienna/usr/arm-buildroot-linux-uclibcgnueabihf/sysroot/usr/lib/crt1.o] ==> obj [/opt/vtcs_toolchain/vienna/usr/arm-buildroot-linux-uclibcgnueabihf/sysroot/usr/lib/crt1.o]
    arg [/opt/vtcs_toolchain/vienna/usr/arm-buildroot-linux-uclibcgnueabihf/sysroot/usr/lib/crti.o] ==> obj [/opt/vtcs_toolchain/vienna/usr/arm-buildroot-linux-uclibcgnueabihf/sysroot/usr/lib/crti.o]
    arg [/opt/vtcs_toolchain/vienna/usr/bin/../lib/gcc/arm-buildroot-linux-uclibcgnueabihf/4.9.4/crtbegin.o] ==> obj [/opt/vtcs_toolchain/vienna/usr/bin/../lib/gcc/arm-buildroot-linux-uclibcgnueabihf/4.9.4/crtbegin.o]
    arg [-L/opt/vtcs_toolchain/vienna/usr/bin/../lib/gcc/arm-buildroot-linux-uclibcgnueabihf/4.9.4] ==> dir [/opt/vtcs_toolchain/vienna/usr/bin/../lib/gcc/arm-buildroot-linux-uclibcgnueabihf/4.9.4]
    arg [-L/opt/vtcs_toolchain/vienna/usr/bin/../lib/gcc] ==> dir [/opt/vtcs_toolchain/vienna/usr/bin/../lib/gcc]
    arg [-L/opt/vtcs_toolchain/vienna/usr/bin/../lib/gcc/arm-buildroot-linux-uclibcgnueabihf/4.9.4/../../../../arm-buildroot-linux-uclibcgnueabihf/lib] ==> dir [/opt/vtcs_toolchain/vienna/usr/bin/../lib/gcc/arm-buildroot-linux-uclibcgnueabihf/4.9.4/../../../../arm-buildroot-linux-uclibcgnueabihf/lib]
    arg [-L/opt/vtcs_toolchain/vienna/usr/arm-buildroot-linux-uclibcgnueabihf/sysroot/lib] ==> dir [/opt/vtcs_toolchain/vienna/usr/arm-buildroot-linux-uclibcgnueabihf/sysroot/lib]
    arg [-L/opt/vtcs_toolchain/vienna/usr/arm-buildroot-linux-uclibcgnueabihf/sysroot/usr/lib] ==> dir [/opt/vtcs_toolchain/vienna/usr/arm-buildroot-linux-uclibcgnueabihf/sysroot/usr/lib]
    arg [CMakeFiles/cmTC_64fa9.dir/CMakeCCompilerABI.c.o] ==> ignore
    arg [-lgcc] ==> lib [gcc]
    arg [--as-needed] ==> ignore
    arg [-lgcc_s] ==> lib [gcc_s]
    arg [--no-as-needed] ==> ignore
    arg [-lc] ==> lib [c]
    arg [-lgcc] ==> lib [gcc]
    arg [--as-needed] ==> ignore
    arg [-lgcc_s] ==> lib [gcc_s]
    arg [--no-as-needed] ==> ignore
    arg [/opt/vtcs_toolchain/vienna/usr/bin/../lib/gcc/arm-buildroot-linux-uclibcgnueabihf/4.9.4/crtend.o] ==> obj [/opt/vtcs_toolchain/vienna/usr/bin/../lib/gcc/arm-buildroot-linux-uclibcgnueabihf/4.9.4/crtend.o]
    arg [/opt/vtcs_toolchain/vienna/usr/arm-buildroot-linux-uclibcgnueabihf/sysroot/usr/lib/crtn.o] ==> obj [/opt/vtcs_toolchain/vienna/usr/arm-buildroot-linux-uclibcgnueabihf/sysroot/usr/lib/crtn.o]
  collapse obj [/opt/vtcs_toolchain/vienna/usr/bin/../lib/gcc/arm-buildroot-linux-uclibcgnueabihf/4.9.4/crtbegin.o] ==> [/opt/vtcs_toolchain/vienna/usr/lib/gcc/arm-buildroot-linux-uclibcgnueabihf/4.9.4/crtbegin.o]
  collapse obj [/opt/vtcs_toolchain/vienna/usr/bin/../lib/gcc/arm-buildroot-linux-uclibcgnueabihf/4.9.4/crtend.o] ==> [/opt/vtcs_toolchain/vienna/usr/lib/gcc/arm-buildroot-linux-uclibcgnueabihf/4.9.4/crtend.o]
  collapse library dir [/opt/vtcs_toolchain/vienna/usr/bin/../lib/gcc/arm-buildroot-linux-uclibcgnueabihf/4.9.4] ==> [/opt/vtcs_toolchain/vienna/usr/lib/gcc/arm-buildroot-linux-uclibcgnueabihf/4.9.4]
  collapse library dir [/opt/vtcs_toolchain/vienna/usr/bin/../lib/gcc] ==> [/opt/vtcs_toolchain/vienna/usr/lib/gcc]
  collapse library dir [/opt/vtcs_toolchain/vienna/usr/bin/../lib/gcc/arm-buildroot-linux-uclibcgnueabihf/4.9.4/../../../../arm-buildroot-linux-uclibcgnueabihf/lib] ==> [/opt/vtcs_toolchain/vienna/usr/arm-buildroot-linux-uclibcgnueabihf/lib]
  collapse library dir [/opt/vtcs_toolchain/vienna/usr/arm-buildroot-linux-uclibcgnueabihf/sysroot/lib] ==> [/opt/vtcs_toolchain/vienna/usr/arm-buildroot-linux-uclibcgnueabihf/sysroot/lib]
  collapse library dir [/opt/vtcs_toolchain/vienna/usr/arm-buildroot-linux-uclibcgnueabihf/sysroot/usr/lib] ==> [/opt/vtcs_toolchain/vienna/usr/arm-buildroot-linux-uclibcgnueabihf/sysroot/usr/lib]
  implicit libs: [gcc;gcc_s;c;gcc;gcc_s]
  implicit objs: [/opt/vtcs_toolchain/vienna/usr/arm-buildroot-linux-uclibcgnueabihf/sysroot/usr/lib/crt1.o;/opt/vtcs_toolchain/vienna/usr/arm-buildroot-linux-uclibcgnueabihf/sysroot/usr/lib/crti.o;/opt/vtcs_toolchain/vienna/usr/lib/gcc/arm-buildroot-linux-uclibcgnueabihf/4.9.4/crtbegin.o;/opt/vtcs_toolchain/vienna/usr/lib/gcc/arm-buildroot-linux-uclibcgnueabihf/4.9.4/crtend.o;/opt/vtcs_toolchain/vienna/usr/arm-buildroot-linux-uclibcgnueabihf/sysroot/usr/lib/crtn.o]
  implicit dirs: [/opt/vtcs_toolchain/vienna/usr/lib/gcc/arm-buildroot-linux-uclibcgnueabihf/4.9.4;/opt/vtcs_toolchain/vienna/usr/lib/gcc;/opt/vtcs_toolchain/vienna/usr/arm-buildroot-linux-uclibcgnueabihf/lib;/opt/vtcs_toolchain/vienna/usr/arm-buildroot-linux-uclibcgnueabihf/sysroot/lib;/opt/vtcs_toolchain/vienna/usr/arm-buildroot-linux-uclibcgnueabihf/sysroot/usr/lib]
  implicit fwks: []


Detecting CXX compiler ABI info compiled with the following output:
Change Dir: /home/ethan/Vatics-M5s/build_ade_vienna/CMakeFiles/CMakeTmp

Run Build Command(s):/usr/bin/make -f Makefile cmTC_cb47c/fast && /usr/bin/make  -f CMakeFiles/cmTC_cb47c.dir/build.make CMakeFiles/cmTC_cb47c.dir/build
make[1]: Entering directory '/home/ethan/Vatics-M5s/build_ade_vienna/CMakeFiles/CMakeTmp'
Building CXX object CMakeFiles/cmTC_cb47c.dir/CMakeCXXCompilerABI.cpp.o
/opt/vtcs_toolchain/vienna/usr/bin/arm-linux-g++   -v -o CMakeFiles/cmTC_cb47c.dir/CMakeCXXCompilerABI.cpp.o -c /opt/cmake-3.22.0-rc1-linux-x86_64/share/cmake-3.22/Modules/CMakeCXXCompilerABI.cpp
Using built-in specs.
COLLECT_GCC=/opt/vtcs_toolchain/vienna/usr/bin/arm-linux-g++.br_real
Target: arm-buildroot-linux-uclibcgnueabihf
Configured with: ./configure --prefix=/opt/vtcs_toolchain/vienna//usr --sysconfdir=/opt/vtcs_toolchain/vienna//etc --enable-static --target=arm-buildroot-linux-uclibcgnueabihf --with-sysroot=/opt/vtcs_toolchain/vienna//usr/arm-buildroot-linux-uclibcgnueabihf/sysroot --disable-__cxa_atexit --with-gnu-ld --disable-libssp --disable-multilib --with-gmp=/opt/vtcs_toolchain/vienna//usr --with-mpc=/opt/vtcs_toolchain/vienna//usr --with-mpfr=/opt/vtcs_toolchain/vienna//usr --with-pkgversion='Buildroot 2017.02.7' --with-bugurl=http://bugs.buildroot.net/ --disable-libquadmath --disable-libsanitizer --enable-tls --enable-plugins --enable-lto --disable-libmudflap --enable-threads --without-isl --without-cloog --disable-decimal-float --with-abi=aapcs-linux --with-cpu=cortex-a5 --with-fpu=neon-vfpv4 --with-float=hard --with-mode=arm --enable-languages=c,c++ --with-build-time-tools=/opt/vtcs_toolchain/vienna//usr/arm-buildroot-linux-uclibcgnueabihf/bin --enable-shared --disable-libgomp
Thread model: posix
gcc version 4.9.4 (Buildroot 2017.02.7) 
COLLECT_GCC_OPTIONS='-v' '-o' 'CMakeFiles/cmTC_cb47c.dir/CMakeCXXCompilerABI.cpp.o' '-c' '-shared-libgcc' '-mcpu=cortex-a5' '-mfloat-abi=hard' '-mfpu=neon-vfpv4' '-mabi=aapcs-linux' '-marm' '-mtls-dialect=gnu'
 /opt/vtcs_toolchain/vienna/usr/bin/../libexec/gcc/arm-buildroot-linux-uclibcgnueabihf/4.9.4/cc1plus -quiet -v -iprefix /opt/vtcs_toolchain/vienna/usr/bin/../lib/gcc/arm-buildroot-linux-uclibcgnueabihf/4.9.4/ -isysroot /opt/vtcs_toolchain/vienna/usr/arm-buildroot-linux-uclibcgnueabihf/sysroot -D_GNU_SOURCE /opt/cmake-3.22.0-rc1-linux-x86_64/share/cmake-3.22/Modules/CMakeCXXCompilerABI.cpp -quiet -dumpbase CMakeCXXCompilerABI.cpp -mcpu=cortex-a5 -mfloat-abi=hard -mfpu=neon-vfpv4 -mabi=aapcs-linux -marm -mtls-dialect=gnu -auxbase-strip CMakeFiles/cmTC_cb47c.dir/CMakeCXXCompilerABI.cpp.o -version -o /tmp/cc8a6DSu.s
GNU C++ (Buildroot 2017.02.7) version 4.9.4 (arm-buildroot-linux-uclibcgnueabihf)
	compiled by GNU C version 4.9.2, GMP version 6.1.2, MPFR version 3.1.5, MPC version 1.0.3
GGC heuristics: --param ggc-min-expand=100 --param ggc-min-heapsize=131072
ignoring duplicate directory "/opt/vtcs_toolchain/vienna/usr/bin/../lib/gcc/../../lib/gcc/arm-buildroot-linux-uclibcgnueabihf/4.9.4/../../../../arm-buildroot-linux-uclibcgnueabihf/include/c++/4.9.4"
ignoring duplicate directory "/opt/vtcs_toolchain/vienna/usr/bin/../lib/gcc/../../lib/gcc/arm-buildroot-linux-uclibcgnueabihf/4.9.4/../../../../arm-buildroot-linux-uclibcgnueabihf/include/c++/4.9.4/arm-buildroot-linux-uclibcgnueabihf"
ignoring duplicate directory "/opt/vtcs_toolchain/vienna/usr/bin/../lib/gcc/../../lib/gcc/arm-buildroot-linux-uclibcgnueabihf/4.9.4/../../../../arm-buildroot-linux-uclibcgnueabihf/include/c++/4.9.4/backward"
ignoring duplicate directory "/opt/vtcs_toolchain/vienna/usr/bin/../lib/gcc/../../lib/gcc/arm-buildroot-linux-uclibcgnueabihf/4.9.4/include"
ignoring nonexistent directory "/opt/vtcs_toolchain/vienna/usr/arm-buildroot-linux-uclibcgnueabihf/sysroot/usr/local/include"
ignoring duplicate directory "/opt/vtcs_toolchain/vienna/usr/bin/../lib/gcc/../../lib/gcc/arm-buildroot-linux-uclibcgnueabihf/4.9.4/include-fixed"
ignoring duplicate directory "/opt/vtcs_toolchain/vienna/usr/bin/../lib/gcc/../../lib/gcc/arm-buildroot-linux-uclibcgnueabihf/4.9.4/../../../../arm-buildroot-linux-uclibcgnueabihf/include"
#include "..." search starts here:
#include <...> search starts here:
 /opt/vtcs_toolchain/vienna/usr/bin/../lib/gcc/arm-buildroot-linux-uclibcgnueabihf/4.9.4/../../../../arm-buildroot-linux-uclibcgnueabihf/include/c++/4.9.4
 /opt/vtcs_toolchain/vienna/usr/bin/../lib/gcc/arm-buildroot-linux-uclibcgnueabihf/4.9.4/../../../../arm-buildroot-linux-uclibcgnueabihf/include/c++/4.9.4/arm-buildroot-linux-uclibcgnueabihf
 /opt/vtcs_toolchain/vienna/usr/bin/../lib/gcc/arm-buildroot-linux-uclibcgnueabihf/4.9.4/../../../../arm-buildroot-linux-uclibcgnueabihf/include/c++/4.9.4/backward
 /opt/vtcs_toolchain/vienna/usr/bin/../lib/gcc/arm-buildroot-linux-uclibcgnueabihf/4.9.4/include
 /opt/vtcs_toolchain/vienna/usr/bin/../lib/gcc/arm-buildroot-linux-uclibcgnueabihf/4.9.4/include-fixed
 /opt/vtcs_toolchain/vienna/usr/bin/../lib/gcc/arm-buildroot-linux-uclibcgnueabihf/4.9.4/../../../../arm-buildroot-linux-uclibcgnueabihf/include
 /opt/vtcs_toolchain/vienna/usr/arm-buildroot-linux-uclibcgnueabihf/sysroot/usr/include
End of search list.
GNU C++ (Buildroot 2017.02.7) version 4.9.4 (arm-buildroot-linux-uclibcgnueabihf)
	compiled by GNU C version 4.9.2, GMP version 6.1.2, MPFR version 3.1.5, MPC version 1.0.3
GGC heuristics: --param ggc-min-expand=100 --param ggc-min-heapsize=131072
Compiler executable checksum: 10ff5af9c33e1399ad01f59fdb7c1daa
COLLECT_GCC_OPTIONS='-v' '-o' 'CMakeFiles/cmTC_cb47c.dir/CMakeCXXCompilerABI.cpp.o' '-c' '-shared-libgcc' '-mcpu=cortex-a5' '-mfloat-abi=hard' '-mfpu=neon-vfpv4' '-mabi=aapcs-linux' '-marm' '-mtls-dialect=gnu'
 /opt/vtcs_toolchain/vienna/usr/bin/../lib/gcc/arm-buildroot-linux-uclibcgnueabihf/4.9.4/../../../../arm-buildroot-linux-uclibcgnueabihf/bin/as -v -mcpu=cortex-a5 -mfloat-abi=hard -mfpu=neon-vfpv4 -meabi=5 -o CMakeFiles/cmTC_cb47c.dir/CMakeCXXCompilerABI.cpp.o /tmp/cc8a6DSu.s
GNU assembler version 2.26.1 (arm-buildroot-linux-uclibcgnueabihf) using BFD version (GNU Binutils) 2.26.1
COMPILER_PATH=/opt/vtcs_toolchain/vienna/usr/bin/../libexec/gcc/arm-buildroot-linux-uclibcgnueabihf/4.9.4/:/opt/vtcs_toolchain/vienna/usr/bin/../libexec/gcc/:/opt/vtcs_toolchain/vienna/usr/bin/../lib/gcc/arm-buildroot-linux-uclibcgnueabihf/4.9.4/../../../../arm-buildroot-linux-uclibcgnueabihf/bin/
LIBRARY_PATH=/opt/vtcs_toolchain/vienna/usr/bin/../lib/gcc/arm-buildroot-linux-uclibcgnueabihf/4.9.4/:/opt/vtcs_toolchain/vienna/usr/bin/../lib/gcc/:/opt/vtcs_toolchain/vienna/usr/bin/../lib/gcc/arm-buildroot-linux-uclibcgnueabihf/4.9.4/../../../../arm-buildroot-linux-uclibcgnueabihf/lib/:/opt/vtcs_toolchain/vienna/usr/arm-buildroot-linux-uclibcgnueabihf/sysroot/lib/:/opt/vtcs_toolchain/vienna/usr/arm-buildroot-linux-uclibcgnueabihf/sysroot/usr/lib/
COLLECT_GCC_OPTIONS='-v' '-o' 'CMakeFiles/cmTC_cb47c.dir/CMakeCXXCompilerABI.cpp.o' '-c' '-shared-libgcc' '-mcpu=cortex-a5' '-mfloat-abi=hard' '-mfpu=neon-vfpv4' '-mabi=aapcs-linux' '-marm' '-mtls-dialect=gnu'
Linking CXX executable cmTC_cb47c
/opt/cmake-3.22.0-rc1-linux-x86_64/bin/cmake -E cmake_link_script CMakeFiles/cmTC_cb47c.dir/link.txt --verbose=1
/opt/vtcs_toolchain/vienna/usr/bin/arm-linux-g++  -v -rdynamic CMakeFiles/cmTC_cb47c.dir/CMakeCXXCompilerABI.cpp.o -o cmTC_cb47c 
Using built-in specs.
COLLECT_GCC=/opt/vtcs_toolchain/vienna/usr/bin/arm-linux-g++.br_real
COLLECT_LTO_WRAPPER=/opt/vtcs_toolchain/vienna/usr/bin/../libexec/gcc/arm-buildroot-linux-uclibcgnueabihf/4.9.4/lto-wrapper
Target: arm-buildroot-linux-uclibcgnueabihf
Configured with: ./configure --prefix=/opt/vtcs_toolchain/vienna//usr --sysconfdir=/opt/vtcs_toolchain/vienna//etc --enable-static --target=arm-buildroot-linux-uclibcgnueabihf --with-sysroot=/opt/vtcs_toolchain/vienna//usr/arm-buildroot-linux-uclibcgnueabihf/sysroot --disable-__cxa_atexit --with-gnu-ld --disable-libssp --disable-multilib --with-gmp=/opt/vtcs_toolchain/vienna//usr --with-mpc=/opt/vtcs_toolchain/vienna//usr --with-mpfr=/opt/vtcs_toolchain/vienna//usr --with-pkgversion='Buildroot 2017.02.7' --with-bugurl=http://bugs.buildroot.net/ --disable-libquadmath --disable-libsanitizer --enable-tls --enable-plugins --enable-lto --disable-libmudflap --enable-threads --without-isl --without-cloog --disable-decimal-float --with-abi=aapcs-linux --with-cpu=cortex-a5 --with-fpu=neon-vfpv4 --with-float=hard --with-mode=arm --enable-languages=c,c++ --with-build-time-tools=/opt/vtcs_toolchain/vienna//usr/arm-buildroot-linux-uclibcgnueabihf/bin --enable-shared --disable-libgomp
Thread model: posix
gcc version 4.9.4 (Buildroot 2017.02.7) 
COMPILER_PATH=/opt/vtcs_toolchain/vienna/usr/bin/../libexec/gcc/arm-buildroot-linux-uclibcgnueabihf/4.9.4/:/opt/vtcs_toolchain/vienna/usr/bin/../libexec/gcc/:/opt/vtcs_toolchain/vienna/usr/bin/../lib/gcc/arm-buildroot-linux-uclibcgnueabihf/4.9.4/../../../../arm-buildroot-linux-uclibcgnueabihf/bin/
LIBRARY_PATH=/opt/vtcs_toolchain/vienna/usr/bin/../lib/gcc/arm-buildroot-linux-uclibcgnueabihf/4.9.4/:/opt/vtcs_toolchain/vienna/usr/bin/../lib/gcc/:/opt/vtcs_toolchain/vienna/usr/bin/../lib/gcc/arm-buildroot-linux-uclibcgnueabihf/4.9.4/../../../../arm-buildroot-linux-uclibcgnueabihf/lib/:/opt/vtcs_toolchain/vienna/usr/arm-buildroot-linux-uclibcgnueabihf/sysroot/lib/:/opt/vtcs_toolchain/vienna/usr/arm-buildroot-linux-uclibcgnueabihf/sysroot/usr/lib/
COLLECT_GCC_OPTIONS='-v' '-rdynamic' '-o' 'cmTC_cb47c' '-shared-libgcc' '-mcpu=cortex-a5' '-mfloat-abi=hard' '-mfpu=neon-vfpv4' '-mabi=aapcs-linux' '-marm' '-mtls-dialect=gnu'
 /opt/vtcs_toolchain/vienna/usr/bin/../libexec/gcc/arm-buildroot-linux-uclibcgnueabihf/4.9.4/collect2 -plugin /opt/vtcs_toolchain/vienna/usr/bin/../libexec/gcc/arm-buildroot-linux-uclibcgnueabihf/4.9.4/liblto_plugin.so -plugin-opt=/opt/vtcs_toolchain/vienna/usr/bin/../libexec/gcc/arm-buildroot-linux-uclibcgnueabihf/4.9.4/lto-wrapper -plugin-opt=-fresolution=/tmp/ccvsdaPx.res -plugin-opt=-pass-through=-lgcc_s -plugin-opt=-pass-through=-lgcc -plugin-opt=-pass-through=-lc -plugin-opt=-pass-through=-lgcc_s -plugin-opt=-pass-through=-lgcc --sysroot=/opt/vtcs_toolchain/vienna/usr/arm-buildroot-linux-uclibcgnueabihf/sysroot --eh-frame-hdr -export-dynamic -dynamic-linker /lib/ld-uClibc.so.0 -X -m armelf_linux_eabi -o cmTC_cb47c /opt/vtcs_toolchain/vienna/usr/arm-buildroot-linux-uclibcgnueabihf/sysroot/usr/lib/crt1.o /opt/vtcs_toolchain/vienna/usr/arm-buildroot-linux-uclibcgnueabihf/sysroot/usr/lib/crti.o /opt/vtcs_toolchain/vienna/usr/bin/../lib/gcc/arm-buildroot-linux-uclibcgnueabihf/4.9.4/crtbegin.o -L/opt/vtcs_toolchain/vienna/usr/bin/../lib/gcc/arm-buildroot-linux-uclibcgnueabihf/4.9.4 -L/opt/vtcs_toolchain/vienna/usr/bin/../lib/gcc -L/opt/vtcs_toolchain/vienna/usr/bin/../lib/gcc/arm-buildroot-linux-uclibcgnueabihf/4.9.4/../../../../arm-buildroot-linux-uclibcgnueabihf/lib -L/opt/vtcs_toolchain/vienna/usr/arm-buildroot-linux-uclibcgnueabihf/sysroot/lib -L/opt/vtcs_toolchain/vienna/usr/arm-buildroot-linux-uclibcgnueabihf/sysroot/usr/lib CMakeFiles/cmTC_cb47c.dir/CMakeCXXCompilerABI.cpp.o -lstdc++ -lm -lgcc_s -lgcc -lc -lgcc_s -lgcc /opt/vtcs_toolchain/vienna/usr/bin/../lib/gcc/arm-buildroot-linux-uclibcgnueabihf/4.9.4/crtend.o /opt/vtcs_toolchain/vienna/usr/arm-buildroot-linux-uclibcgnueabihf/sysroot/usr/lib/crtn.o
make[1]: Leaving directory '/home/ethan/Vatics-M5s/build_ade_vienna/CMakeFiles/CMakeTmp'



Parsed CXX implicit include dir info from above output: rv=done
  found start of include info
  found start of implicit include info
    add: [/opt/vtcs_toolchain/vienna/usr/bin/../lib/gcc/arm-buildroot-linux-uclibcgnueabihf/4.9.4/../../../../arm-buildroot-linux-uclibcgnueabihf/include/c++/4.9.4]
    add: [/opt/vtcs_toolchain/vienna/usr/bin/../lib/gcc/arm-buildroot-linux-uclibcgnueabihf/4.9.4/../../../../arm-buildroot-linux-uclibcgnueabihf/include/c++/4.9.4/arm-buildroot-linux-uclibcgnueabihf]
    add: [/opt/vtcs_toolchain/vienna/usr/bin/../lib/gcc/arm-buildroot-linux-uclibcgnueabihf/4.9.4/../../../../arm-buildroot-linux-uclibcgnueabihf/include/c++/4.9.4/backward]
    add: [/opt/vtcs_toolchain/vienna/usr/bin/../lib/gcc/arm-buildroot-linux-uclibcgnueabihf/4.9.4/include]
    add: [/opt/vtcs_toolchain/vienna/usr/bin/../lib/gcc/arm-buildroot-linux-uclibcgnueabihf/4.9.4/include-fixed]
    add: [/opt/vtcs_toolchain/vienna/usr/bin/../lib/gcc/arm-buildroot-linux-uclibcgnueabihf/4.9.4/../../../../arm-buildroot-linux-uclibcgnueabihf/include]
    add: [/opt/vtcs_toolchain/vienna/usr/arm-buildroot-linux-uclibcgnueabihf/sysroot/usr/include]
  end of search list found
  collapse include dir [/opt/vtcs_toolchain/vienna/usr/bin/../lib/gcc/arm-buildroot-linux-uclibcgnueabihf/4.9.4/../../../../arm-buildroot-linux-uclibcgnueabihf/include/c++/4.9.4] ==> [/opt/vtcs_toolchain/vienna/usr/arm-buildroot-linux-uclibcgnueabihf/include/c++/4.9.4]
  collapse include dir [/opt/vtcs_toolchain/vienna/usr/bin/../lib/gcc/arm-buildroot-linux-uclibcgnueabihf/4.9.4/../../../../arm-buildroot-linux-uclibcgnueabihf/include/c++/4.9.4/arm-buildroot-linux-uclibcgnueabihf] ==> [/opt/vtcs_toolchain/vienna/usr/arm-buildroot-linux-uclibcgnueabihf/include/c++/4.9.4/arm-buildroot-linux-uclibcgnueabihf]
  collapse include dir [/opt/vtcs_toolchain/vienna/usr/bin/../lib/gcc/arm-buildroot-linux-uclibcgnueabihf/4.9.4/../../../../arm-buildroot-linux-uclibcgnueabihf/include/c++/4.9.4/backward] ==> [/opt/vtcs_toolchain/vienna/usr/arm-buildroot-linux-uclibcgnueabihf/include/c++/4.9.4/backward]
  collapse include dir [/opt/vtcs_toolchain/vienna/usr/bin/../lib/gcc/arm-buildroot-linux-uclibcgnueabihf/4.9.4/include] ==> [/opt/vtcs_toolchain/vienna/usr/lib/gcc/arm-buildroot-linux-uclibcgnueabihf/4.9.4/include]
  collapse include dir [/opt/vtcs_toolchain/vienna/usr/bin/../lib/gcc/arm-buildroot-linux-uclibcgnueabihf/4.9.4/include-fixed] ==> [/opt/vtcs_toolchain/vienna/usr/lib/gcc/arm-buildroot-linux-uclibcgnueabihf/4.9.4/include-fixed]
  collapse include dir [/opt/vtcs_toolchain/vienna/usr/bin/../lib/gcc/arm-buildroot-linux-uclibcgnueabihf/4.9.4/../../../../arm-buildroot-linux-uclibcgnueabihf/include] ==> [/opt/vtcs_toolchain/vienna/usr/arm-buildroot-linux-uclibcgnueabihf/include]
  collapse include dir [/opt/vtcs_toolchain/vienna/usr/arm-buildroot-linux-uclibcgnueabihf/sysroot/usr/include] ==> [/opt/vtcs_toolchain/vienna/usr/arm-buildroot-linux-uclibcgnueabihf/sysroot/usr/include]
  implicit include dirs: [/opt/vtcs_toolchain/vienna/usr/arm-buildroot-linux-uclibcgnueabihf/include/c++/4.9.4;/opt/vtcs_toolchain/vienna/usr/arm-buildroot-linux-uclibcgnueabihf/include/c++/4.9.4/arm-buildroot-linux-uclibcgnueabihf;/opt/vtcs_toolchain/vienna/usr/arm-buildroot-linux-uclibcgnueabihf/include/c++/4.9.4/backward;/opt/vtcs_toolchain/vienna/usr/lib/gcc/arm-buildroot-linux-uclibcgnueabihf/4.9.4/include;/opt/vtcs_toolchain/vienna/usr/lib/gcc/arm-buildroot-linux-uclibcgnueabihf/4.9.4/include-fixed;/opt/vtcs_toolchain/vienna/usr/arm-buildroot-linux-uclibcgnueabihf/include;/opt/vtcs_toolchain/vienna/usr/arm-buildroot-linux-uclibcgnueabihf/sysroot/usr/include]


Parsed CXX implicit link information from above output:
  link line regex: [^( *|.*[/\])(arm-linux-ld|CMAKE_LINK_STARTFILE-NOTFOUND|([^/\]+-)?ld|collect2)[^/\]*( |$)]
  ignore line: [Change Dir: /home/ethan/Vatics-M5s/build_ade_vienna/CMakeFiles/CMakeTmp]
  ignore line: []
  ignore line: [Run Build Command(s):/usr/bin/make -f Makefile cmTC_cb47c/fast && /usr/bin/make  -f CMakeFiles/cmTC_cb47c.dir/build.make CMakeFiles/cmTC_cb47c.dir/build]
  ignore line: [make[1]: Entering directory '/home/ethan/Vatics-M5s/build_ade_vienna/CMakeFiles/CMakeTmp']
  ignore line: [Building CXX object CMakeFiles/cmTC_cb47c.dir/CMakeCXXCompilerABI.cpp.o]
  ignore line: [/opt/vtcs_toolchain/vienna/usr/bin/arm-linux-g++   -v -o CMakeFiles/cmTC_cb47c.dir/CMakeCXXCompilerABI.cpp.o -c /opt/cmake-3.22.0-rc1-linux-x86_64/share/cmake-3.22/Modules/CMakeCXXCompilerABI.cpp]
  ignore line: [Using built-in specs.]
  ignore line: [COLLECT_GCC=/opt/vtcs_toolchain/vienna/usr/bin/arm-linux-g++.br_real]
  ignore line: [Target: arm-buildroot-linux-uclibcgnueabihf]
  ignore line: [Configured with: ./configure --prefix=/opt/vtcs_toolchain/vienna//usr --sysconfdir=/opt/vtcs_toolchain/vienna//etc --enable-static --target=arm-buildroot-linux-uclibcgnueabihf --with-sysroot=/opt/vtcs_toolchain/vienna//usr/arm-buildroot-linux-uclibcgnueabihf/sysroot --disable-__cxa_atexit --with-gnu-ld --disable-libssp --disable-multilib --with-gmp=/opt/vtcs_toolchain/vienna//usr --with-mpc=/opt/vtcs_toolchain/vienna//usr --with-mpfr=/opt/vtcs_toolchain/vienna//usr --with-pkgversion='Buildroot 2017.02.7' --with-bugurl=http://bugs.buildroot.net/ --disable-libquadmath --disable-libsanitizer --enable-tls --enable-plugins --enable-lto --disable-libmudflap --enable-threads --without-isl --without-cloog --disable-decimal-float --with-abi=aapcs-linux --with-cpu=cortex-a5 --with-fpu=neon-vfpv4 --with-float=hard --with-mode=arm --enable-languages=c,c++ --with-build-time-tools=/opt/vtcs_toolchain/vienna//usr/arm-buildroot-linux-uclibcgnueabihf/bin --enable-shared --disable-libgomp]
  ignore line: [Thread model: posix]
  ignore line: [gcc version 4.9.4 (Buildroot 2017.02.7) ]
  ignore line: [COLLECT_GCC_OPTIONS='-v' '-o' 'CMakeFiles/cmTC_cb47c.dir/CMakeCXXCompilerABI.cpp.o' '-c' '-shared-libgcc' '-mcpu=cortex-a5' '-mfloat-abi=hard' '-mfpu=neon-vfpv4' '-mabi=aapcs-linux' '-marm' '-mtls-dialect=gnu']
  ignore line: [ /opt/vtcs_toolchain/vienna/usr/bin/../libexec/gcc/arm-buildroot-linux-uclibcgnueabihf/4.9.4/cc1plus -quiet -v -iprefix /opt/vtcs_toolchain/vienna/usr/bin/../lib/gcc/arm-buildroot-linux-uclibcgnueabihf/4.9.4/ -isysroot /opt/vtcs_toolchain/vienna/usr/arm-buildroot-linux-uclibcgnueabihf/sysroot -D_GNU_SOURCE /opt/cmake-3.22.0-rc1-linux-x86_64/share/cmake-3.22/Modules/CMakeCXXCompilerABI.cpp -quiet -dumpbase CMakeCXXCompilerABI.cpp -mcpu=cortex-a5 -mfloat-abi=hard -mfpu=neon-vfpv4 -mabi=aapcs-linux -marm -mtls-dialect=gnu -auxbase-strip CMakeFiles/cmTC_cb47c.dir/CMakeCXXCompilerABI.cpp.o -version -o /tmp/cc8a6DSu.s]
  ignore line: [GNU C++ (Buildroot 2017.02.7) version 4.9.4 (arm-buildroot-linux-uclibcgnueabihf)]
  ignore line: [	compiled by GNU C version 4.9.2  GMP version 6.1.2  MPFR version 3.1.5  MPC version 1.0.3]
  ignore line: [GGC heuristics: --param ggc-min-expand=100 --param ggc-min-heapsize=131072]
  ignore line: [ignoring duplicate directory "/opt/vtcs_toolchain/vienna/usr/bin/../lib/gcc/../../lib/gcc/arm-buildroot-linux-uclibcgnueabihf/4.9.4/../../../../arm-buildroot-linux-uclibcgnueabihf/include/c++/4.9.4"]
  ignore line: [ignoring duplicate directory "/opt/vtcs_toolchain/vienna/usr/bin/../lib/gcc/../../lib/gcc/arm-buildroot-linux-uclibcgnueabihf/4.9.4/../../../../arm-buildroot-linux-uclibcgnueabihf/include/c++/4.9.4/arm-buildroot-linux-uclibcgnueabihf"]
  ignore line: [ignoring duplicate directory "/opt/vtcs_toolchain/vienna/usr/bin/../lib/gcc/../../lib/gcc/arm-buildroot-linux-uclibcgnueabihf/4.9.4/../../../../arm-buildroot-linux-uclibcgnueabihf/include/c++/4.9.4/backward"]
  ignore line: [ignoring duplicate directory "/opt/vtcs_toolchain/vienna/usr/bin/../lib/gcc/../../lib/gcc/arm-buildroot-linux-uclibcgnueabihf/4.9.4/include"]
  ignore line: [ignoring nonexistent directory "/opt/vtcs_toolchain/vienna/usr/arm-buildroot-linux-uclibcgnueabihf/sysroot/usr/local/include"]
  ignore line: [ignoring duplicate directory "/opt/vtcs_toolchain/vienna/usr/bin/../lib/gcc/../../lib/gcc/arm-buildroot-linux-uclibcgnueabihf/4.9.4/include-fixed"]
  ignore line: [ignoring duplicate directory "/opt/vtcs_toolchain/vienna/usr/bin/../lib/gcc/../../lib/gcc/arm-buildroot-linux-uclibcgnueabihf/4.9.4/../../../../arm-buildroot-linux-uclibcgnueabihf/include"]
  ignore line: [#include "..." search starts here:]
  ignore line: [#include <...> search starts here:]
  ignore line: [ /opt/vtcs_toolchain/vienna/usr/bin/../lib/gcc/arm-buildroot-linux-uclibcgnueabihf/4.9.4/../../../../arm-buildroot-linux-uclibcgnueabihf/include/c++/4.9.4]
  ignore line: [ /opt/vtcs_toolchain/vienna/usr/bin/../lib/gcc/arm-buildroot-linux-uclibcgnueabihf/4.9.4/../../../../arm-buildroot-linux-uclibcgnueabihf/include/c++/4.9.4/arm-buildroot-linux-uclibcgnueabihf]
  ignore line: [ /opt/vtcs_toolchain/vienna/usr/bin/../lib/gcc/arm-buildroot-linux-uclibcgnueabihf/4.9.4/../../../../arm-buildroot-linux-uclibcgnueabihf/include/c++/4.9.4/backward]
  ignore line: [ /opt/vtcs_toolchain/vienna/usr/bin/../lib/gcc/arm-buildroot-linux-uclibcgnueabihf/4.9.4/include]
  ignore line: [ /opt/vtcs_toolchain/vienna/usr/bin/../lib/gcc/arm-buildroot-linux-uclibcgnueabihf/4.9.4/include-fixed]
  ignore line: [ /opt/vtcs_toolchain/vienna/usr/bin/../lib/gcc/arm-buildroot-linux-uclibcgnueabihf/4.9.4/../../../../arm-buildroot-linux-uclibcgnueabihf/include]
  ignore line: [ /opt/vtcs_toolchain/vienna/usr/arm-buildroot-linux-uclibcgnueabihf/sysroot/usr/include]
  ignore line: [End of search list.]
  ignore line: [GNU C++ (Buildroot 2017.02.7) version 4.9.4 (arm-buildroot-linux-uclibcgnueabihf)]
  ignore line: [	compiled by GNU C version 4.9.2  GMP version 6.1.2  MPFR version 3.1.5  MPC version 1.0.3]
  ignore line: [GGC heuristics: --param ggc-min-expand=100 --param ggc-min-heapsize=131072]
  ignore line: [Compiler executable checksum: 10ff5af9c33e1399ad01f59fdb7c1daa]
  ignore line: [COLLECT_GCC_OPTIONS='-v' '-o' 'CMakeFiles/cmTC_cb47c.dir/CMakeCXXCompilerABI.cpp.o' '-c' '-shared-libgcc' '-mcpu=cortex-a5' '-mfloat-abi=hard' '-mfpu=neon-vfpv4' '-mabi=aapcs-linux' '-marm' '-mtls-dialect=gnu']
  ignore line: [ /opt/vtcs_toolchain/vienna/usr/bin/../lib/gcc/arm-buildroot-linux-uclibcgnueabihf/4.9.4/../../../../arm-buildroot-linux-uclibcgnueabihf/bin/as -v -mcpu=cortex-a5 -mfloat-abi=hard -mfpu=neon-vfpv4 -meabi=5 -o CMakeFiles/cmTC_cb47c.dir/CMakeCXXCompilerABI.cpp.o /tmp/cc8a6DSu.s]
  ignore line: [GNU assembler version 2.26.1 (arm-buildroot-linux-uclibcgnueabihf) using BFD version (GNU Binutils) 2.26.1]
  ignore line: [COMPILER_PATH=/opt/vtcs_toolchain/vienna/usr/bin/../libexec/gcc/arm-buildroot-linux-uclibcgnueabihf/4.9.4/:/opt/vtcs_toolchain/vienna/usr/bin/../libexec/gcc/:/opt/vtcs_toolchain/vienna/usr/bin/../lib/gcc/arm-buildroot-linux-uclibcgnueabihf/4.9.4/../../../../arm-buildroot-linux-uclibcgnueabihf/bin/]
  ignore line: [LIBRARY_PATH=/opt/vtcs_toolchain/vienna/usr/bin/../lib/gcc/arm-buildroot-linux-uclibcgnueabihf/4.9.4/:/opt/vtcs_toolchain/vienna/usr/bin/../lib/gcc/:/opt/vtcs_toolchain/vienna/usr/bin/../lib/gcc/arm-buildroot-linux-uclibcgnueabihf/4.9.4/../../../../arm-buildroot-linux-uclibcgnueabihf/lib/:/opt/vtcs_toolchain/vienna/usr/arm-buildroot-linux-uclibcgnueabihf/sysroot/lib/:/opt/vtcs_toolchain/vienna/usr/arm-buildroot-linux-uclibcgnueabihf/sysroot/usr/lib/]
  ignore line: [COLLECT_GCC_OPTIONS='-v' '-o' 'CMakeFiles/cmTC_cb47c.dir/CMakeCXXCompilerABI.cpp.o' '-c' '-shared-libgcc' '-mcpu=cortex-a5' '-mfloat-abi=hard' '-mfpu=neon-vfpv4' '-mabi=aapcs-linux' '-marm' '-mtls-dialect=gnu']
  ignore line: [Linking CXX executable cmTC_cb47c]
  ignore line: [/opt/cmake-3.22.0-rc1-linux-x86_64/bin/cmake -E cmake_link_script CMakeFiles/cmTC_cb47c.dir/link.txt --verbose=1]
  ignore line: [/opt/vtcs_toolchain/vienna/usr/bin/arm-linux-g++  -v -rdynamic CMakeFiles/cmTC_cb47c.dir/CMakeCXXCompilerABI.cpp.o -o cmTC_cb47c ]
  ignore line: [Using built-in specs.]
  ignore line: [COLLECT_GCC=/opt/vtcs_toolchain/vienna/usr/bin/arm-linux-g++.br_real]
  ignore line: [COLLECT_LTO_WRAPPER=/opt/vtcs_toolchain/vienna/usr/bin/../libexec/gcc/arm-buildroot-linux-uclibcgnueabihf/4.9.4/lto-wrapper]
  ignore line: [Target: arm-buildroot-linux-uclibcgnueabihf]
  ignore line: [Configured with: ./configure --prefix=/opt/vtcs_toolchain/vienna//usr --sysconfdir=/opt/vtcs_toolchain/vienna//etc --enable-static --target=arm-buildroot-linux-uclibcgnueabihf --with-sysroot=/opt/vtcs_toolchain/vienna//usr/arm-buildroot-linux-uclibcgnueabihf/sysroot --disable-__cxa_atexit --with-gnu-ld --disable-libssp --disable-multilib --with-gmp=/opt/vtcs_toolchain/vienna//usr --with-mpc=/opt/vtcs_toolchain/vienna//usr --with-mpfr=/opt/vtcs_toolchain/vienna//usr --with-pkgversion='Buildroot 2017.02.7' --with-bugurl=http://bugs.buildroot.net/ --disable-libquadmath --disable-libsanitizer --enable-tls --enable-plugins --enable-lto --disable-libmudflap --enable-threads --without-isl --without-cloog --disable-decimal-float --with-abi=aapcs-linux --with-cpu=cortex-a5 --with-fpu=neon-vfpv4 --with-float=hard --with-mode=arm --enable-languages=c,c++ --with-build-time-tools=/opt/vtcs_toolchain/vienna//usr/arm-buildroot-linux-uclibcgnueabihf/bin --enable-shared --disable-libgomp]
  ignore line: [Thread model: posix]
  ignore line: [gcc version 4.9.4 (Buildroot 2017.02.7) ]
  ignore line: [COMPILER_PATH=/opt/vtcs_toolchain/vienna/usr/bin/../libexec/gcc/arm-buildroot-linux-uclibcgnueabihf/4.9.4/:/opt/vtcs_toolchain/vienna/usr/bin/../libexec/gcc/:/opt/vtcs_toolchain/vienna/usr/bin/../lib/gcc/arm-buildroot-linux-uclibcgnueabihf/4.9.4/../../../../arm-buildroot-linux-uclibcgnueabihf/bin/]
  ignore line: [LIBRARY_PATH=/opt/vtcs_toolchain/vienna/usr/bin/../lib/gcc/arm-buildroot-linux-uclibcgnueabihf/4.9.4/:/opt/vtcs_toolchain/vienna/usr/bin/../lib/gcc/:/opt/vtcs_toolchain/vienna/usr/bin/../lib/gcc/arm-buildroot-linux-uclibcgnueabihf/4.9.4/../../../../arm-buildroot-linux-uclibcgnueabihf/lib/:/opt/vtcs_toolchain/vienna/usr/arm-buildroot-linux-uclibcgnueabihf/sysroot/lib/:/opt/vtcs_toolchain/vienna/usr/arm-buildroot-linux-uclibcgnueabihf/sysroot/usr/lib/]
  ignore line: [COLLECT_GCC_OPTIONS='-v' '-rdynamic' '-o' 'cmTC_cb47c' '-shared-libgcc' '-mcpu=cortex-a5' '-mfloat-abi=hard' '-mfpu=neon-vfpv4' '-mabi=aapcs-linux' '-marm' '-mtls-dialect=gnu']
  link line: [ /opt/vtcs_toolchain/vienna/usr/bin/../libexec/gcc/arm-buildroot-linux-uclibcgnueabihf/4.9.4/collect2 -plugin /opt/vtcs_toolchain/vienna/usr/bin/../libexec/gcc/arm-buildroot-linux-uclibcgnueabihf/4.9.4/liblto_plugin.so -plugin-opt=/opt/vtcs_toolchain/vienna/usr/bin/../libexec/gcc/arm-buildroot-linux-uclibcgnueabihf/4.9.4/lto-wrapper -plugin-opt=-fresolution=/tmp/ccvsdaPx.res -plugin-opt=-pass-through=-lgcc_s -plugin-opt=-pass-through=-lgcc -plugin-opt=-pass-through=-lc -plugin-opt=-pass-through=-lgcc_s -plugin-opt=-pass-through=-lgcc --sysroot=/opt/vtcs_toolchain/vienna/usr/arm-buildroot-linux-uclibcgnueabihf/sysroot --eh-frame-hdr -export-dynamic -dynamic-linker /lib/ld-uClibc.so.0 -X -m armelf_linux_eabi -o cmTC_cb47c /opt/vtcs_toolchain/vienna/usr/arm-buildroot-linux-uclibcgnueabihf/sysroot/usr/lib/crt1.o /opt/vtcs_toolchain/vienna/usr/arm-buildroot-linux-uclibcgnueabihf/sysroot/usr/lib/crti.o /opt/vtcs_toolchain/vienna/usr/bin/../lib/gcc/arm-buildroot-linux-uclibcgnueabihf/4.9.4/crtbegin.o -L/opt/vtcs_toolchain/vienna/usr/bin/../lib/gcc/arm-buildroot-linux-uclibcgnueabihf/4.9.4 -L/opt/vtcs_toolchain/vienna/usr/bin/../lib/gcc -L/opt/vtcs_toolchain/vienna/usr/bin/../lib/gcc/arm-buildroot-linux-uclibcgnueabihf/4.9.4/../../../../arm-buildroot-linux-uclibcgnueabihf/lib -L/opt/vtcs_toolchain/vienna/usr/arm-buildroot-linux-uclibcgnueabihf/sysroot/lib -L/opt/vtcs_toolchain/vienna/usr/arm-buildroot-linux-uclibcgnueabihf/sysroot/usr/lib CMakeFiles/cmTC_cb47c.dir/CMakeCXXCompilerABI.cpp.o -lstdc++ -lm -lgcc_s -lgcc -lc -lgcc_s -lgcc /opt/vtcs_toolchain/vienna/usr/bin/../lib/gcc/arm-buildroot-linux-uclibcgnueabihf/4.9.4/crtend.o /opt/vtcs_toolchain/vienna/usr/arm-buildroot-linux-uclibcgnueabihf/sysroot/usr/lib/crtn.o]
    arg [/opt/vtcs_toolchain/vienna/usr/bin/../libexec/gcc/arm-buildroot-linux-uclibcgnueabihf/4.9.4/collect2] ==> ignore
    arg [-plugin] ==> ignore
    arg [/opt/vtcs_toolchain/vienna/usr/bin/../libexec/gcc/arm-buildroot-linux-uclibcgnueabihf/4.9.4/liblto_plugin.so] ==> ignore
    arg [-plugin-opt=/opt/vtcs_toolchain/vienna/usr/bin/../libexec/gcc/arm-buildroot-linux-uclibcgnueabihf/4.9.4/lto-wrapper] ==> ignore
    arg [-plugin-opt=-fresolution=/tmp/ccvsdaPx.res] ==> ignore
    arg [-plugin-opt=-pass-through=-lgcc_s] ==> ignore
    arg [-plugin-opt=-pass-through=-lgcc] ==> ignore
    arg [-plugin-opt=-pass-through=-lc] ==> ignore
    arg [-plugin-opt=-pass-through=-lgcc_s] ==> ignore
    arg [-plugin-opt=-pass-through=-lgcc] ==> ignore
    arg [--sysroot=/opt/vtcs_toolchain/vienna/usr/arm-buildroot-linux-uclibcgnueabihf/sysroot] ==> ignore
    arg [--eh-frame-hdr] ==> ignore
    arg [-export-dynamic] ==> ignore
    arg [-dynamic-linker] ==> ignore
    arg [/lib/ld-uClibc.so.0] ==> ignore
    arg [-X] ==> ignore
    arg [-m] ==> ignore
    arg [armelf_linux_eabi] ==> ignore
    arg [-o] ==> ignore
    arg [cmTC_cb47c] ==> ignore
    arg [/opt/vtcs_toolchain/vienna/usr/arm-buildroot-linux-uclibcgnueabihf/sysroot/usr/lib/crt1.o] ==> obj [/opt/vtcs_toolchain/vienna/usr/arm-buildroot-linux-uclibcgnueabihf/sysroot/usr/lib/crt1.o]
    arg [/opt/vtcs_toolchain/vienna/usr/arm-buildroot-linux-uclibcgnueabihf/sysroot/usr/lib/crti.o] ==> obj [/opt/vtcs_toolchain/vienna/usr/arm-buildroot-linux-uclibcgnueabihf/sysroot/usr/lib/crti.o]
    arg [/opt/vtcs_toolchain/vienna/usr/bin/../lib/gcc/arm-buildroot-linux-uclibcgnueabihf/4.9.4/crtbegin.o] ==> obj [/opt/vtcs_toolchain/vienna/usr/bin/../lib/gcc/arm-buildroot-linux-uclibcgnueabihf/4.9.4/crtbegin.o]
    arg [-L/opt/vtcs_toolchain/vienna/usr/bin/../lib/gcc/arm-buildroot-linux-uclibcgnueabihf/4.9.4] ==> dir [/opt/vtcs_toolchain/vienna/usr/bin/../lib/gcc/arm-buildroot-linux-uclibcgnueabihf/4.9.4]
    arg [-L/opt/vtcs_toolchain/vienna/usr/bin/../lib/gcc] ==> dir [/opt/vtcs_toolchain/vienna/usr/bin/../lib/gcc]
    arg [-L/opt/vtcs_toolchain/vienna/usr/bin/../lib/gcc/arm-buildroot-linux-uclibcgnueabihf/4.9.4/../../../../arm-buildroot-linux-uclibcgnueabihf/lib] ==> dir [/opt/vtcs_toolchain/vienna/usr/bin/../lib/gcc/arm-buildroot-linux-uclibcgnueabihf/4.9.4/../../../../arm-buildroot-linux-uclibcgnueabihf/lib]
    arg [-L/opt/vtcs_toolchain/vienna/usr/arm-buildroot-linux-uclibcgnueabihf/sysroot/lib] ==> dir [/opt/vtcs_toolchain/vienna/usr/arm-buildroot-linux-uclibcgnueabihf/sysroot/lib]
    arg [-L/opt/vtcs_toolchain/vienna/usr/arm-buildroot-linux-uclibcgnueabihf/sysroot/usr/lib] ==> dir [/opt/vtcs_toolchain/vienna/usr/arm-buildroot-linux-uclibcgnueabihf/sysroot/usr/lib]
    arg [CMakeFiles/cmTC_cb47c.dir/CMakeCXXCompilerABI.cpp.o] ==> ignore
    arg [-lstdc++] ==> lib [stdc++]
    arg [-lm] ==> lib [m]
    arg [-lgcc_s] ==> lib [gcc_s]
    arg [-lgcc] ==> lib [gcc]
    arg [-lc] ==> lib [c]
    arg [-lgcc_s] ==> lib [gcc_s]
    arg [-lgcc] ==> lib [gcc]
    arg [/opt/vtcs_toolchain/vienna/usr/bin/../lib/gcc/arm-buildroot-linux-uclibcgnueabihf/4.9.4/crtend.o] ==> obj [/opt/vtcs_toolchain/vienna/usr/bin/../lib/gcc/arm-buildroot-linux-uclibcgnueabihf/4.9.4/crtend.o]
    arg [/opt/vtcs_toolchain/vienna/usr/arm-buildroot-linux-uclibcgnueabihf/sysroot/usr/lib/crtn.o] ==> obj [/opt/vtcs_toolchain/vienna/usr/arm-buildroot-linux-uclibcgnueabihf/sysroot/usr/lib/crtn.o]
  collapse obj [/opt/vtcs_toolchain/vienna/usr/bin/../lib/gcc/arm-buildroot-linux-uclibcgnueabihf/4.9.4/crtbegin.o] ==> [/opt/vtcs_toolchain/vienna/usr/lib/gcc/arm-buildroot-linux-uclibcgnueabihf/4.9.4/crtbegin.o]
  collapse obj [/opt/vtcs_toolchain/vienna/usr/bin/../lib/gcc/arm-buildroot-linux-uclibcgnueabihf/4.9.4/crtend.o] ==> [/opt/vtcs_toolchain/vienna/usr/lib/gcc/arm-buildroot-linux-uclibcgnueabihf/4.9.4/crtend.o]
  collapse library dir [/opt/vtcs_toolchain/vienna/usr/bin/../lib/gcc/arm-buildroot-linux-uclibcgnueabihf/4.9.4] ==> [/opt/vtcs_toolchain/vienna/usr/lib/gcc/arm-buildroot-linux-uclibcgnueabihf/4.9.4]
  collapse library dir [/opt/vtcs_toolchain/vienna/usr/bin/../lib/gcc] ==> [/opt/vtcs_toolchain/vienna/usr/lib/gcc]
  collapse library dir [/opt/vtcs_toolchain/vienna/usr/bin/../lib/gcc/arm-buildroot-linux-uclibcgnueabihf/4.9.4/../../../../arm-buildroot-linux-uclibcgnueabihf/lib] ==> [/opt/vtcs_toolchain/vienna/usr/arm-buildroot-linux-uclibcgnueabihf/lib]
  collapse library dir [/opt/vtcs_toolchain/vienna/usr/arm-buildroot-linux-uclibcgnueabihf/sysroot/lib] ==> [/opt/vtcs_toolchain/vienna/usr/arm-buildroot-linux-uclibcgnueabihf/sysroot/lib]
  collapse library dir [/opt/vtcs_toolchain/vienna/usr/arm-buildroot-linux-uclibcgnueabihf/sysroot/usr/lib] ==> [/opt/vtcs_toolchain/vienna/usr/arm-buildroot-linux-uclibcgnueabihf/sysroot/usr/lib]
  implicit libs: [stdc++;m;gcc_s;gcc;c;gcc_s;gcc]
  implicit objs: [/opt/vtcs_toolchain/vienna/usr/arm-buildroot-linux-uclibcgnueabihf/sysroot/usr/lib/crt1.o;/opt/vtcs_toolchain/vienna/usr/arm-buildroot-linux-uclibcgnueabihf/sysroot/usr/lib/crti.o;/opt/vtcs_toolchain/vienna/usr/lib/gcc/arm-buildroot-linux-uclibcgnueabihf/4.9.4/crtbegin.o;/opt/vtcs_toolchain/vienna/usr/lib/gcc/arm-buildroot-linux-uclibcgnueabihf/4.9.4/crtend.o;/opt/vtcs_toolchain/vienna/usr/arm-buildroot-linux-uclibcgnueabihf/sysroot/usr/lib/crtn.o]
  implicit dirs: [/opt/vtcs_toolchain/vienna/usr/lib/gcc/arm-buildroot-linux-uclibcgnueabihf/4.9.4;/opt/vtcs_toolchain/vienna/usr/lib/gcc;/opt/vtcs_toolchain/vienna/usr/arm-buildroot-linux-uclibcgnueabihf/lib;/opt/vtcs_toolchain/vienna/usr/arm-buildroot-linux-uclibcgnueabihf/sysroot/lib;/opt/vtcs_toolchain/vienna/usr/arm-buildroot-linux-uclibcgnueabihf/sysroot/usr/lib]
  implicit fwks: []




Detecting CXX [-std=c++14] compiler features compiled with the following output:
Change Dir: /home/ethan/Vatics-M5s/build_ade_vienna/CMakeFiles/CMakeTmp

Run Build Command(s):/usr/bin/make -f Makefile cmTC_96e3f/fast && /usr/bin/make  -f CMakeFiles/cmTC_96e3f.dir/build.make CMakeFiles/cmTC_96e3f.dir/build
make[1]: Entering directory '/home/ethan/Vatics-M5s/build_ade_vienna/CMakeFiles/CMakeTmp'
Building CXX object CMakeFiles/cmTC_96e3f.dir/feature_tests.cxx.o
/opt/vtcs_toolchain/vienna/usr/bin/arm-linux-g++   -std=c++14 -o CMakeFiles/cmTC_96e3f.dir/feature_tests.cxx.o -c /home/ethan/Vatics-M5s/build_ade_vienna/CMakeFiles/feature_tests.cxx
Linking CXX executable cmTC_96e3f
/opt/cmake-3.22.0-rc1-linux-x86_64/bin/cmake -E cmake_link_script CMakeFiles/cmTC_96e3f.dir/link.txt --verbose=1
/opt/vtcs_toolchain/vienna/usr/bin/arm-linux-g++ -rdynamic CMakeFiles/cmTC_96e3f.dir/feature_tests.cxx.o -o cmTC_96e3f 
make[1]: Leaving directory '/home/ethan/Vatics-M5s/build_ade_vienna/CMakeFiles/CMakeTmp'



    Feature record: CXX_FEATURE:1cxx_template_template_parameters
    Feature record: CXX_FEATURE:1cxx_alias_templates
    Feature record: CXX_FEATURE:1cxx_alignas
    Feature record: CXX_FEATURE:1cxx_alignof
    Feature record: CXX_FEATURE:1cxx_attributes
    Feature record: CXX_FEATURE:1cxx_auto_type
    Feature record: CXX_FEATURE:1cxx_constexpr
    Feature record: CXX_FEATURE:1cxx_decltype
    Feature record: CXX_FEATURE:1cxx_decltype_incomplete_return_types
    Feature record: CXX_FEATURE:1cxx_default_function_template_args
    Feature record: CXX_FEATURE:1cxx_defaulted_functions
    Feature record: CXX_FEATURE:1cxx_defaulted_move_initializers
    Feature record: CXX_FEATURE:1cxx_delegating_constructors
    Feature record: CXX_FEATURE:1cxx_deleted_functions
    Feature record: CXX_FEATURE:1cxx_enum_forward_declarations
    Feature record: CXX_FEATURE:1cxx_explicit_conversions
    Feature record: CXX_FEATURE:1cxx_extended_friend_declarations
    Feature record: CXX_FEATURE:1cxx_extern_templates
    Feature record: CXX_FEATURE:1cxx_final
    Feature record: CXX_FEATURE:1cxx_func_identifier
    Feature record: CXX_FEATURE:1cxx_generalized_initializers
    Feature record: CXX_FEATURE:1cxx_inheriting_constructors
    Feature record: CXX_FEATURE:1cxx_inline_namespaces
    Feature record: CXX_FEATURE:1cxx_lambdas
    Feature record: CXX_FEATURE:1cxx_local_type_template_args
    Feature record: CXX_FEATURE:1cxx_long_long_type
    Feature record: CXX_FEATURE:1cxx_noexcept
    Feature record: CXX_FEATURE:1cxx_nonstatic_member_init
    Feature record: CXX_FEATURE:1cxx_nullptr
    Feature record: CXX_FEATURE:1cxx_override
    Feature record: CXX_FEATURE:1cxx_range_for
    Feature record: CXX_FEATURE:1cxx_raw_string_literals
    Feature record: CXX_FEATURE:1cxx_reference_qualified_functions
    Feature record: CXX_FEATURE:1cxx_right_angle_brackets
    Feature record: CXX_FEATURE:1cxx_rvalue_references
    Feature record: CXX_FEATURE:1cxx_sizeof_member
    Feature record: CXX_FEATURE:1cxx_static_assert
    Feature record: CXX_FEATURE:1cxx_strong_enums
    Feature record: CXX_FEATURE:1cxx_thread_local
    Feature record: CXX_FEATURE:1cxx_trailing_return_types
    Feature record: CXX_FEATURE:1cxx_unicode_literals
    Feature record: CXX_FEATURE:1cxx_uniform_initialization
    Feature record: CXX_FEATURE:1cxx_unrestricted_unions
    Feature record: CXX_FEATURE:1cxx_user_literals
    Feature record: CXX_FEATURE:1cxx_variadic_macros
    Feature record: CXX_FEATURE:1cxx_variadic_templates
    Feature record: CXX_FEATURE:0cxx_aggregate_default_initializers
    Feature record: CXX_FEATURE:1cxx_attribute_deprecated
    Feature record: CXX_FEATURE:1cxx_binary_literals
    Feature record: CXX_FEATURE:1cxx_contextual_conversions
    Feature record: CXX_FEATURE:1cxx_decltype_auto
    Feature record: CXX_FEATURE:1cxx_digit_separators
    Feature record: CXX_FEATURE:1cxx_generic_lambdas
    Feature record: CXX_FEATURE:1cxx_lambda_init_captures
    Feature record: CXX_FEATURE:0cxx_relaxed_constexpr
    Feature record: CXX_FEATURE:1cxx_return_type_deduction
    Feature record: CXX_FEATURE:0cxx_variable_templates
