The target system is: Linux - 1 - 
The host system is: Linux - 5.4.0-80-generic - x86_64
Compiling the C compiler identification source file "CMakeCCompilerId.c" succeeded.
Compiler: /opt/vtcs_toolchain/vienna/usr/bin/arm-linux-gcc 
Build flags: 
Id flags:  

The output was:
0


Compilation of the C compiler identification source "CMakeCCompilerId.c" produced "a.out"

The C compiler identification is GNU, found in "/home/ethan/M5S-V2.3/03_SDK/02_Software_Tool_Kit/sdk_v2.3/sdk/modules/build_vienna/CMakeFiles/3.10.2/CompilerIdC/a.out"

Compiling the CXX compiler identification source file "CMakeCXXCompilerId.cpp" succeeded.
Compiler: /opt/vtcs_toolchain/vienna/usr/bin/arm-linux-g++ 
Build flags: 
Id flags:  

The output was:
0


Compilation of the CXX compiler identification source "CMakeCXXCompilerId.cpp" produced "a.out"

The CXX compiler identification is GNU, found in "/home/ethan/M5S-V2.3/03_SDK/02_Software_Tool_Kit/sdk_v2.3/sdk/modules/build_vienna/CMakeFiles/3.10.2/CompilerIdCXX/a.out"

Determining if the C compiler works passed with the following output:
Change Dir: /home/ethan/M5S-V2.3/03_SDK/02_Software_Tool_Kit/sdk_v2.3/sdk/modules/build_vienna/CMakeFiles/CMakeTmp

Run Build Command:"/usr/bin/make" "cmTC_6c398/fast"
/usr/bin/make -f CMakeFiles/cmTC_6c398.dir/build.make CMakeFiles/cmTC_6c398.dir/build
make[1]: Entering directory '/home/ethan/M5S-V2.3/03_SDK/02_Software_Tool_Kit/sdk_v2.3/sdk/modules/build_vienna/CMakeFiles/CMakeTmp'
Building C object CMakeFiles/cmTC_6c398.dir/testCCompiler.c.o
/opt/vtcs_toolchain/vienna/usr/bin/arm-linux-gcc    -o CMakeFiles/cmTC_6c398.dir/testCCompiler.c.o   -c /home/ethan/M5S-V2.3/03_SDK/02_Software_Tool_Kit/sdk_v2.3/sdk/modules/build_vienna/CMakeFiles/CMakeTmp/testCCompiler.c
Linking C executable cmTC_6c398
/usr/bin/cmake -E cmake_link_script CMakeFiles/cmTC_6c398.dir/link.txt --verbose=1
/opt/vtcs_toolchain/vienna/usr/bin/arm-linux-gcc      -rdynamic CMakeFiles/cmTC_6c398.dir/testCCompiler.c.o  -o cmTC_6c398 
make[1]: Leaving directory '/home/ethan/M5S-V2.3/03_SDK/02_Software_Tool_Kit/sdk_v2.3/sdk/modules/build_vienna/CMakeFiles/CMakeTmp'


Detecting C compiler ABI info compiled with the following output:
Change Dir: /home/ethan/M5S-V2.3/03_SDK/02_Software_Tool_Kit/sdk_v2.3/sdk/modules/build_vienna/CMakeFiles/CMakeTmp

Run Build Command:"/usr/bin/make" "cmTC_126e2/fast"
/usr/bin/make -f CMakeFiles/cmTC_126e2.dir/build.make CMakeFiles/cmTC_126e2.dir/build
make[1]: Entering directory '/home/ethan/M5S-V2.3/03_SDK/02_Software_Tool_Kit/sdk_v2.3/sdk/modules/build_vienna/CMakeFiles/CMakeTmp'
Building C object CMakeFiles/cmTC_126e2.dir/CMakeCCompilerABI.c.o
/opt/vtcs_toolchain/vienna/usr/bin/arm-linux-gcc    -o CMakeFiles/cmTC_126e2.dir/CMakeCCompilerABI.c.o   -c /usr/share/cmake-3.10/Modules/CMakeCCompilerABI.c
Linking C executable cmTC_126e2
/usr/bin/cmake -E cmake_link_script CMakeFiles/cmTC_126e2.dir/link.txt --verbose=1
/opt/vtcs_toolchain/vienna/usr/bin/arm-linux-gcc     -v -rdynamic CMakeFiles/cmTC_126e2.dir/CMakeCCompilerABI.c.o  -o cmTC_126e2 
使用內建 specs。
COLLECT_GCC=/opt/vtcs_toolchain/vienna/usr/bin/arm-linux-gcc.br_real
COLLECT_LTO_WRAPPER=/opt/vtcs_toolchain/vienna/usr/bin/../libexec/gcc/arm-buildroot-linux-uclibcgnueabihf/4.9.4/lto-wrapper
目的：arm-buildroot-linux-uclibcgnueabihf
配置為：./configure --prefix=/opt/vtcs_toolchain/vienna//usr --sysconfdir=/opt/vtcs_toolchain/vienna//etc --enable-static --target=arm-buildroot-linux-uclibcgnueabihf --with-sysroot=/opt/vtcs_toolchain/vienna//usr/arm-buildroot-linux-uclibcgnueabihf/sysroot --disable-__cxa_atexit --with-gnu-ld --disable-libssp --disable-multilib --with-gmp=/opt/vtcs_toolchain/vienna//usr --with-mpc=/opt/vtcs_toolchain/vienna//usr --with-mpfr=/opt/vtcs_toolchain/vienna//usr --with-pkgversion='Buildroot 2017.02.7' --with-bugurl=http://bugs.buildroot.net/ --disable-libquadmath --disable-libsanitizer --enable-tls --enable-plugins --enable-lto --disable-libmudflap --enable-threads --without-isl --without-cloog --disable-decimal-float --with-abi=aapcs-linux --with-cpu=cortex-a5 --with-fpu=neon-vfpv4 --with-float=hard --with-mode=arm --enable-languages=c,c++ --with-build-time-tools=/opt/vtcs_toolchain/vienna//usr/arm-buildroot-linux-uclibcgnueabihf/bin --enable-shared --disable-libgomp
執行緒模型：posix
gcc version 4.9.4 (Buildroot 2017.02.7) 
COMPILER_PATH=/opt/vtcs_toolchain/vienna/usr/bin/../libexec/gcc/arm-buildroot-linux-uclibcgnueabihf/4.9.4/:/opt/vtcs_toolchain/vienna/usr/bin/../libexec/gcc/:/opt/vtcs_toolchain/vienna/usr/bin/../lib/gcc/arm-buildroot-linux-uclibcgnueabihf/4.9.4/../../../../arm-buildroot-linux-uclibcgnueabihf/bin/
LIBRARY_PATH=/opt/vtcs_toolchain/vienna/usr/bin/../lib/gcc/arm-buildroot-linux-uclibcgnueabihf/4.9.4/:/opt/vtcs_toolchain/vienna/usr/bin/../lib/gcc/:/opt/vtcs_toolchain/vienna/usr/bin/../lib/gcc/arm-buildroot-linux-uclibcgnueabihf/4.9.4/../../../../arm-buildroot-linux-uclibcgnueabihf/lib/:/opt/vtcs_toolchain/vienna/usr/arm-buildroot-linux-uclibcgnueabihf/sysroot/lib/:/opt/vtcs_toolchain/vienna/usr/arm-buildroot-linux-uclibcgnueabihf/sysroot/usr/lib/
COLLECT_GCC_OPTIONS='-v' '-rdynamic' '-o' 'cmTC_126e2' '-mcpu=cortex-a5' '-mfloat-abi=hard' '-mfpu=neon-vfpv4' '-mabi=aapcs-linux' '-marm' '-mtls-dialect=gnu'
 /opt/vtcs_toolchain/vienna/usr/bin/../libexec/gcc/arm-buildroot-linux-uclibcgnueabihf/4.9.4/collect2 -plugin /opt/vtcs_toolchain/vienna/usr/bin/../libexec/gcc/arm-buildroot-linux-uclibcgnueabihf/4.9.4/liblto_plugin.so -plugin-opt=/opt/vtcs_toolchain/vienna/usr/bin/../libexec/gcc/arm-buildroot-linux-uclibcgnueabihf/4.9.4/lto-wrapper -plugin-opt=-fresolution=/tmp/cc91HW2w.res -plugin-opt=-pass-through=-lgcc -plugin-opt=-pass-through=-lgcc_s -plugin-opt=-pass-through=-lc -plugin-opt=-pass-through=-lgcc -plugin-opt=-pass-through=-lgcc_s --sysroot=/opt/vtcs_toolchain/vienna/usr/arm-buildroot-linux-uclibcgnueabihf/sysroot --eh-frame-hdr -export-dynamic -dynamic-linker /lib/ld-uClibc.so.0 -X -m armelf_linux_eabi -o cmTC_126e2 /opt/vtcs_toolchain/vienna/usr/arm-buildroot-linux-uclibcgnueabihf/sysroot/usr/lib/crt1.o /opt/vtcs_toolchain/vienna/usr/arm-buildroot-linux-uclibcgnueabihf/sysroot/usr/lib/crti.o /opt/vtcs_toolchain/vienna/usr/bin/../lib/gcc/arm-buildroot-linux-uclibcgnueabihf/4.9.4/crtbegin.o -L/opt/vtcs_toolchain/vienna/usr/bin/../lib/gcc/arm-buildroot-linux-uclibcgnueabihf/4.9.4 -L/opt/vtcs_toolchain/vienna/usr/bin/../lib/gcc -L/opt/vtcs_toolchain/vienna/usr/bin/../lib/gcc/arm-buildroot-linux-uclibcgnueabihf/4.9.4/../../../../arm-buildroot-linux-uclibcgnueabihf/lib -L/opt/vtcs_toolchain/vienna/usr/arm-buildroot-linux-uclibcgnueabihf/sysroot/lib -L/opt/vtcs_toolchain/vienna/usr/arm-buildroot-linux-uclibcgnueabihf/sysroot/usr/lib CMakeFiles/cmTC_126e2.dir/CMakeCCompilerABI.c.o -lgcc --as-needed -lgcc_s --no-as-needed -lc -lgcc --as-needed -lgcc_s --no-as-needed /opt/vtcs_toolchain/vienna/usr/bin/../lib/gcc/arm-buildroot-linux-uclibcgnueabihf/4.9.4/crtend.o /opt/vtcs_toolchain/vienna/usr/arm-buildroot-linux-uclibcgnueabihf/sysroot/usr/lib/crtn.o
make[1]: Leaving directory '/home/ethan/M5S-V2.3/03_SDK/02_Software_Tool_Kit/sdk_v2.3/sdk/modules/build_vienna/CMakeFiles/CMakeTmp'


Parsed C implicit link information from above output:
  link line regex: [^( *|.*[/\])(arm-linux-ld|CMAKE_LINK_STARTFILE-NOTFOUND|([^/\]+-)?ld|collect2)[^/\]*( |$)]
  ignore line: [Change Dir: /home/ethan/M5S-V2.3/03_SDK/02_Software_Tool_Kit/sdk_v2.3/sdk/modules/build_vienna/CMakeFiles/CMakeTmp]
  ignore line: []
  ignore line: [Run Build Command:"/usr/bin/make" "cmTC_126e2/fast"]
  ignore line: [/usr/bin/make -f CMakeFiles/cmTC_126e2.dir/build.make CMakeFiles/cmTC_126e2.dir/build]
  ignore line: [make[1]: Entering directory '/home/ethan/M5S-V2.3/03_SDK/02_Software_Tool_Kit/sdk_v2.3/sdk/modules/build_vienna/CMakeFiles/CMakeTmp']
  ignore line: [Building C object CMakeFiles/cmTC_126e2.dir/CMakeCCompilerABI.c.o]
  ignore line: [/opt/vtcs_toolchain/vienna/usr/bin/arm-linux-gcc    -o CMakeFiles/cmTC_126e2.dir/CMakeCCompilerABI.c.o   -c /usr/share/cmake-3.10/Modules/CMakeCCompilerABI.c]
  ignore line: [Linking C executable cmTC_126e2]
  ignore line: [/usr/bin/cmake -E cmake_link_script CMakeFiles/cmTC_126e2.dir/link.txt --verbose=1]
  ignore line: [/opt/vtcs_toolchain/vienna/usr/bin/arm-linux-gcc     -v -rdynamic CMakeFiles/cmTC_126e2.dir/CMakeCCompilerABI.c.o  -o cmTC_126e2 ]
  ignore line: [使用內建 specs。]
  ignore line: [COLLECT_GCC=/opt/vtcs_toolchain/vienna/usr/bin/arm-linux-gcc.br_real]
  ignore line: [COLLECT_LTO_WRAPPER=/opt/vtcs_toolchain/vienna/usr/bin/../libexec/gcc/arm-buildroot-linux-uclibcgnueabihf/4.9.4/lto-wrapper]
  ignore line: [目的：arm-buildroot-linux-uclibcgnueabihf]
  ignore line: [配置為：./configure --prefix=/opt/vtcs_toolchain/vienna//usr --sysconfdir=/opt/vtcs_toolchain/vienna//etc --enable-static --target=arm-buildroot-linux-uclibcgnueabihf --with-sysroot=/opt/vtcs_toolchain/vienna//usr/arm-buildroot-linux-uclibcgnueabihf/sysroot --disable-__cxa_atexit --with-gnu-ld --disable-libssp --disable-multilib --with-gmp=/opt/vtcs_toolchain/vienna//usr --with-mpc=/opt/vtcs_toolchain/vienna//usr --with-mpfr=/opt/vtcs_toolchain/vienna//usr --with-pkgversion='Buildroot 2017.02.7' --with-bugurl=http://bugs.buildroot.net/ --disable-libquadmath --disable-libsanitizer --enable-tls --enable-plugins --enable-lto --disable-libmudflap --enable-threads --without-isl --without-cloog --disable-decimal-float --with-abi=aapcs-linux --with-cpu=cortex-a5 --with-fpu=neon-vfpv4 --with-float=hard --with-mode=arm --enable-languages=c,c++ --with-build-time-tools=/opt/vtcs_toolchain/vienna//usr/arm-buildroot-linux-uclibcgnueabihf/bin --enable-shared --disable-libgomp]
  ignore line: [執行緒模型：posix]
  ignore line: [gcc version 4.9.4 (Buildroot 2017.02.7) ]
  ignore line: [COMPILER_PATH=/opt/vtcs_toolchain/vienna/usr/bin/../libexec/gcc/arm-buildroot-linux-uclibcgnueabihf/4.9.4/:/opt/vtcs_toolchain/vienna/usr/bin/../libexec/gcc/:/opt/vtcs_toolchain/vienna/usr/bin/../lib/gcc/arm-buildroot-linux-uclibcgnueabihf/4.9.4/../../../../arm-buildroot-linux-uclibcgnueabihf/bin/]
  ignore line: [LIBRARY_PATH=/opt/vtcs_toolchain/vienna/usr/bin/../lib/gcc/arm-buildroot-linux-uclibcgnueabihf/4.9.4/:/opt/vtcs_toolchain/vienna/usr/bin/../lib/gcc/:/opt/vtcs_toolchain/vienna/usr/bin/../lib/gcc/arm-buildroot-linux-uclibcgnueabihf/4.9.4/../../../../arm-buildroot-linux-uclibcgnueabihf/lib/:/opt/vtcs_toolchain/vienna/usr/arm-buildroot-linux-uclibcgnueabihf/sysroot/lib/:/opt/vtcs_toolchain/vienna/usr/arm-buildroot-linux-uclibcgnueabihf/sysroot/usr/lib/]
  ignore line: [COLLECT_GCC_OPTIONS='-v' '-rdynamic' '-o' 'cmTC_126e2' '-mcpu=cortex-a5' '-mfloat-abi=hard' '-mfpu=neon-vfpv4' '-mabi=aapcs-linux' '-marm' '-mtls-dialect=gnu']
  link line: [ /opt/vtcs_toolchain/vienna/usr/bin/../libexec/gcc/arm-buildroot-linux-uclibcgnueabihf/4.9.4/collect2 -plugin /opt/vtcs_toolchain/vienna/usr/bin/../libexec/gcc/arm-buildroot-linux-uclibcgnueabihf/4.9.4/liblto_plugin.so -plugin-opt=/opt/vtcs_toolchain/vienna/usr/bin/../libexec/gcc/arm-buildroot-linux-uclibcgnueabihf/4.9.4/lto-wrapper -plugin-opt=-fresolution=/tmp/cc91HW2w.res -plugin-opt=-pass-through=-lgcc -plugin-opt=-pass-through=-lgcc_s -plugin-opt=-pass-through=-lc -plugin-opt=-pass-through=-lgcc -plugin-opt=-pass-through=-lgcc_s --sysroot=/opt/vtcs_toolchain/vienna/usr/arm-buildroot-linux-uclibcgnueabihf/sysroot --eh-frame-hdr -export-dynamic -dynamic-linker /lib/ld-uClibc.so.0 -X -m armelf_linux_eabi -o cmTC_126e2 /opt/vtcs_toolchain/vienna/usr/arm-buildroot-linux-uclibcgnueabihf/sysroot/usr/lib/crt1.o /opt/vtcs_toolchain/vienna/usr/arm-buildroot-linux-uclibcgnueabihf/sysroot/usr/lib/crti.o /opt/vtcs_toolchain/vienna/usr/bin/../lib/gcc/arm-buildroot-linux-uclibcgnueabihf/4.9.4/crtbegin.o -L/opt/vtcs_toolchain/vienna/usr/bin/../lib/gcc/arm-buildroot-linux-uclibcgnueabihf/4.9.4 -L/opt/vtcs_toolchain/vienna/usr/bin/../lib/gcc -L/opt/vtcs_toolchain/vienna/usr/bin/../lib/gcc/arm-buildroot-linux-uclibcgnueabihf/4.9.4/../../../../arm-buildroot-linux-uclibcgnueabihf/lib -L/opt/vtcs_toolchain/vienna/usr/arm-buildroot-linux-uclibcgnueabihf/sysroot/lib -L/opt/vtcs_toolchain/vienna/usr/arm-buildroot-linux-uclibcgnueabihf/sysroot/usr/lib CMakeFiles/cmTC_126e2.dir/CMakeCCompilerABI.c.o -lgcc --as-needed -lgcc_s --no-as-needed -lc -lgcc --as-needed -lgcc_s --no-as-needed /opt/vtcs_toolchain/vienna/usr/bin/../lib/gcc/arm-buildroot-linux-uclibcgnueabihf/4.9.4/crtend.o /opt/vtcs_toolchain/vienna/usr/arm-buildroot-linux-uclibcgnueabihf/sysroot/usr/lib/crtn.o]
    arg [/opt/vtcs_toolchain/vienna/usr/bin/../libexec/gcc/arm-buildroot-linux-uclibcgnueabihf/4.9.4/collect2] ==> ignore
    arg [-plugin] ==> ignore
    arg [/opt/vtcs_toolchain/vienna/usr/bin/../libexec/gcc/arm-buildroot-linux-uclibcgnueabihf/4.9.4/liblto_plugin.so] ==> ignore
    arg [-plugin-opt=/opt/vtcs_toolchain/vienna/usr/bin/../libexec/gcc/arm-buildroot-linux-uclibcgnueabihf/4.9.4/lto-wrapper] ==> ignore
    arg [-plugin-opt=-fresolution=/tmp/cc91HW2w.res] ==> ignore
    arg [-plugin-opt=-pass-through=-lgcc] ==> ignore
    arg [-plugin-opt=-pass-through=-lgcc_s] ==> ignore
    arg [-plugin-opt=-pass-through=-lc] ==> ignore
    arg [-plugin-opt=-pass-through=-lgcc] ==> ignore
    arg [-plugin-opt=-pass-through=-lgcc_s] ==> ignore
    arg [--sysroot=/opt/vtcs_toolchain/vienna/usr/arm-buildroot-linux-uclibcgnueabihf/sysroot] ==> ignore
    arg [--eh-frame-hdr] ==> ignore
    arg [-export-dynamic] ==> ignore
    arg [-dynamic-linker] ==> ignore
    arg [/lib/ld-uClibc.so.0] ==> ignore
    arg [-X] ==> ignore
    arg [-m] ==> ignore
    arg [armelf_linux_eabi] ==> ignore
    arg [-o] ==> ignore
    arg [cmTC_126e2] ==> ignore
    arg [/opt/vtcs_toolchain/vienna/usr/arm-buildroot-linux-uclibcgnueabihf/sysroot/usr/lib/crt1.o] ==> ignore
    arg [/opt/vtcs_toolchain/vienna/usr/arm-buildroot-linux-uclibcgnueabihf/sysroot/usr/lib/crti.o] ==> ignore
    arg [/opt/vtcs_toolchain/vienna/usr/bin/../lib/gcc/arm-buildroot-linux-uclibcgnueabihf/4.9.4/crtbegin.o] ==> ignore
    arg [-L/opt/vtcs_toolchain/vienna/usr/bin/../lib/gcc/arm-buildroot-linux-uclibcgnueabihf/4.9.4] ==> dir [/opt/vtcs_toolchain/vienna/usr/bin/../lib/gcc/arm-buildroot-linux-uclibcgnueabihf/4.9.4]
    arg [-L/opt/vtcs_toolchain/vienna/usr/bin/../lib/gcc] ==> dir [/opt/vtcs_toolchain/vienna/usr/bin/../lib/gcc]
    arg [-L/opt/vtcs_toolchain/vienna/usr/bin/../lib/gcc/arm-buildroot-linux-uclibcgnueabihf/4.9.4/../../../../arm-buildroot-linux-uclibcgnueabihf/lib] ==> dir [/opt/vtcs_toolchain/vienna/usr/bin/../lib/gcc/arm-buildroot-linux-uclibcgnueabihf/4.9.4/../../../../arm-buildroot-linux-uclibcgnueabihf/lib]
    arg [-L/opt/vtcs_toolchain/vienna/usr/arm-buildroot-linux-uclibcgnueabihf/sysroot/lib] ==> dir [/opt/vtcs_toolchain/vienna/usr/arm-buildroot-linux-uclibcgnueabihf/sysroot/lib]
    arg [-L/opt/vtcs_toolchain/vienna/usr/arm-buildroot-linux-uclibcgnueabihf/sysroot/usr/lib] ==> dir [/opt/vtcs_toolchain/vienna/usr/arm-buildroot-linux-uclibcgnueabihf/sysroot/usr/lib]
    arg [CMakeFiles/cmTC_126e2.dir/CMakeCCompilerABI.c.o] ==> ignore
    arg [-lgcc] ==> lib [gcc]
    arg [--as-needed] ==> ignore
    arg [-lgcc_s] ==> lib [gcc_s]
    arg [--no-as-needed] ==> ignore
    arg [-lc] ==> lib [c]
    arg [-lgcc] ==> lib [gcc]
    arg [--as-needed] ==> ignore
    arg [-lgcc_s] ==> lib [gcc_s]
    arg [--no-as-needed] ==> ignore
    arg [/opt/vtcs_toolchain/vienna/usr/bin/../lib/gcc/arm-buildroot-linux-uclibcgnueabihf/4.9.4/crtend.o] ==> ignore
    arg [/opt/vtcs_toolchain/vienna/usr/arm-buildroot-linux-uclibcgnueabihf/sysroot/usr/lib/crtn.o] ==> ignore
  collapse library dir [/opt/vtcs_toolchain/vienna/usr/bin/../lib/gcc/arm-buildroot-linux-uclibcgnueabihf/4.9.4] ==> [/opt/vtcs_toolchain/vienna/usr/lib/gcc/arm-buildroot-linux-uclibcgnueabihf/4.9.4]
  collapse library dir [/opt/vtcs_toolchain/vienna/usr/bin/../lib/gcc] ==> [/opt/vtcs_toolchain/vienna/usr/lib/gcc]
  collapse library dir [/opt/vtcs_toolchain/vienna/usr/bin/../lib/gcc/arm-buildroot-linux-uclibcgnueabihf/4.9.4/../../../../arm-buildroot-linux-uclibcgnueabihf/lib] ==> [/opt/vtcs_toolchain/vienna/usr/arm-buildroot-linux-uclibcgnueabihf/lib]
  collapse library dir [/opt/vtcs_toolchain/vienna/usr/arm-buildroot-linux-uclibcgnueabihf/sysroot/lib] ==> [/opt/vtcs_toolchain/vienna/usr/arm-buildroot-linux-uclibcgnueabihf/sysroot/lib]
  collapse library dir [/opt/vtcs_toolchain/vienna/usr/arm-buildroot-linux-uclibcgnueabihf/sysroot/usr/lib] ==> [/opt/vtcs_toolchain/vienna/usr/arm-buildroot-linux-uclibcgnueabihf/sysroot/usr/lib]
  implicit libs: [gcc;gcc_s;c;gcc;gcc_s]
  implicit dirs: [/opt/vtcs_toolchain/vienna/usr/lib/gcc/arm-buildroot-linux-uclibcgnueabihf/4.9.4;/opt/vtcs_toolchain/vienna/usr/lib/gcc;/opt/vtcs_toolchain/vienna/usr/arm-buildroot-linux-uclibcgnueabihf/lib;/opt/vtcs_toolchain/vienna/usr/arm-buildroot-linux-uclibcgnueabihf/sysroot/lib;/opt/vtcs_toolchain/vienna/usr/arm-buildroot-linux-uclibcgnueabihf/sysroot/usr/lib]
  implicit fwks: []




Detecting C [-std=c11] compiler features compiled with the following output:
Change Dir: /home/ethan/M5S-V2.3/03_SDK/02_Software_Tool_Kit/sdk_v2.3/sdk/modules/build_vienna/CMakeFiles/CMakeTmp

Run Build Command:"/usr/bin/make" "cmTC_757dd/fast"
/usr/bin/make -f CMakeFiles/cmTC_757dd.dir/build.make CMakeFiles/cmTC_757dd.dir/build
make[1]: Entering directory '/home/ethan/M5S-V2.3/03_SDK/02_Software_Tool_Kit/sdk_v2.3/sdk/modules/build_vienna/CMakeFiles/CMakeTmp'
Building C object CMakeFiles/cmTC_757dd.dir/feature_tests.c.o
/opt/vtcs_toolchain/vienna/usr/bin/arm-linux-gcc   -std=c11 -o CMakeFiles/cmTC_757dd.dir/feature_tests.c.o   -c /home/ethan/M5S-V2.3/03_SDK/02_Software_Tool_Kit/sdk_v2.3/sdk/modules/build_vienna/CMakeFiles/feature_tests.c
Linking C executable cmTC_757dd
/usr/bin/cmake -E cmake_link_script CMakeFiles/cmTC_757dd.dir/link.txt --verbose=1
/opt/vtcs_toolchain/vienna/usr/bin/arm-linux-gcc      -rdynamic CMakeFiles/cmTC_757dd.dir/feature_tests.c.o  -o cmTC_757dd 
make[1]: Leaving directory '/home/ethan/M5S-V2.3/03_SDK/02_Software_Tool_Kit/sdk_v2.3/sdk/modules/build_vienna/CMakeFiles/CMakeTmp'


    Feature record: C_FEATURE:1c_function_prototypes
    Feature record: C_FEATURE:1c_restrict
    Feature record: C_FEATURE:1c_static_assert
    Feature record: C_FEATURE:1c_variadic_macros


Detecting C [-std=c99] compiler features compiled with the following output:
Change Dir: /home/ethan/M5S-V2.3/03_SDK/02_Software_Tool_Kit/sdk_v2.3/sdk/modules/build_vienna/CMakeFiles/CMakeTmp

Run Build Command:"/usr/bin/make" "cmTC_f5e03/fast"
/usr/bin/make -f CMakeFiles/cmTC_f5e03.dir/build.make CMakeFiles/cmTC_f5e03.dir/build
make[1]: Entering directory '/home/ethan/M5S-V2.3/03_SDK/02_Software_Tool_Kit/sdk_v2.3/sdk/modules/build_vienna/CMakeFiles/CMakeTmp'
Building C object CMakeFiles/cmTC_f5e03.dir/feature_tests.c.o
/opt/vtcs_toolchain/vienna/usr/bin/arm-linux-gcc   -std=c99 -o CMakeFiles/cmTC_f5e03.dir/feature_tests.c.o   -c /home/ethan/M5S-V2.3/03_SDK/02_Software_Tool_Kit/sdk_v2.3/sdk/modules/build_vienna/CMakeFiles/feature_tests.c
Linking C executable cmTC_f5e03
/usr/bin/cmake -E cmake_link_script CMakeFiles/cmTC_f5e03.dir/link.txt --verbose=1
/opt/vtcs_toolchain/vienna/usr/bin/arm-linux-gcc      -rdynamic CMakeFiles/cmTC_f5e03.dir/feature_tests.c.o  -o cmTC_f5e03 
make[1]: Leaving directory '/home/ethan/M5S-V2.3/03_SDK/02_Software_Tool_Kit/sdk_v2.3/sdk/modules/build_vienna/CMakeFiles/CMakeTmp'


    Feature record: C_FEATURE:1c_function_prototypes
    Feature record: C_FEATURE:1c_restrict
    Feature record: C_FEATURE:0c_static_assert
    Feature record: C_FEATURE:1c_variadic_macros


Detecting C [-std=c90] compiler features compiled with the following output:
Change Dir: /home/ethan/M5S-V2.3/03_SDK/02_Software_Tool_Kit/sdk_v2.3/sdk/modules/build_vienna/CMakeFiles/CMakeTmp

Run Build Command:"/usr/bin/make" "cmTC_b16a5/fast"
/usr/bin/make -f CMakeFiles/cmTC_b16a5.dir/build.make CMakeFiles/cmTC_b16a5.dir/build
make[1]: Entering directory '/home/ethan/M5S-V2.3/03_SDK/02_Software_Tool_Kit/sdk_v2.3/sdk/modules/build_vienna/CMakeFiles/CMakeTmp'
Building C object CMakeFiles/cmTC_b16a5.dir/feature_tests.c.o
/opt/vtcs_toolchain/vienna/usr/bin/arm-linux-gcc   -std=c90 -o CMakeFiles/cmTC_b16a5.dir/feature_tests.c.o   -c /home/ethan/M5S-V2.3/03_SDK/02_Software_Tool_Kit/sdk_v2.3/sdk/modules/build_vienna/CMakeFiles/feature_tests.c
Linking C executable cmTC_b16a5
/usr/bin/cmake -E cmake_link_script CMakeFiles/cmTC_b16a5.dir/link.txt --verbose=1
/opt/vtcs_toolchain/vienna/usr/bin/arm-linux-gcc      -rdynamic CMakeFiles/cmTC_b16a5.dir/feature_tests.c.o  -o cmTC_b16a5 
make[1]: Leaving directory '/home/ethan/M5S-V2.3/03_SDK/02_Software_Tool_Kit/sdk_v2.3/sdk/modules/build_vienna/CMakeFiles/CMakeTmp'


    Feature record: C_FEATURE:1c_function_prototypes
    Feature record: C_FEATURE:0c_restrict
    Feature record: C_FEATURE:0c_static_assert
    Feature record: C_FEATURE:0c_variadic_macros
Determining if the CXX compiler works passed with the following output:
Change Dir: /home/ethan/M5S-V2.3/03_SDK/02_Software_Tool_Kit/sdk_v2.3/sdk/modules/build_vienna/CMakeFiles/CMakeTmp

Run Build Command:"/usr/bin/make" "cmTC_c2dec/fast"
/usr/bin/make -f CMakeFiles/cmTC_c2dec.dir/build.make CMakeFiles/cmTC_c2dec.dir/build
make[1]: Entering directory '/home/ethan/M5S-V2.3/03_SDK/02_Software_Tool_Kit/sdk_v2.3/sdk/modules/build_vienna/CMakeFiles/CMakeTmp'
Building CXX object CMakeFiles/cmTC_c2dec.dir/testCXXCompiler.cxx.o
/opt/vtcs_toolchain/vienna/usr/bin/arm-linux-g++     -o CMakeFiles/cmTC_c2dec.dir/testCXXCompiler.cxx.o -c /home/ethan/M5S-V2.3/03_SDK/02_Software_Tool_Kit/sdk_v2.3/sdk/modules/build_vienna/CMakeFiles/CMakeTmp/testCXXCompiler.cxx
Linking CXX executable cmTC_c2dec
/usr/bin/cmake -E cmake_link_script CMakeFiles/cmTC_c2dec.dir/link.txt --verbose=1
/opt/vtcs_toolchain/vienna/usr/bin/arm-linux-g++       -rdynamic CMakeFiles/cmTC_c2dec.dir/testCXXCompiler.cxx.o  -o cmTC_c2dec 
make[1]: Leaving directory '/home/ethan/M5S-V2.3/03_SDK/02_Software_Tool_Kit/sdk_v2.3/sdk/modules/build_vienna/CMakeFiles/CMakeTmp'


Detecting CXX compiler ABI info compiled with the following output:
Change Dir: /home/ethan/M5S-V2.3/03_SDK/02_Software_Tool_Kit/sdk_v2.3/sdk/modules/build_vienna/CMakeFiles/CMakeTmp

Run Build Command:"/usr/bin/make" "cmTC_567ab/fast"
/usr/bin/make -f CMakeFiles/cmTC_567ab.dir/build.make CMakeFiles/cmTC_567ab.dir/build
make[1]: Entering directory '/home/ethan/M5S-V2.3/03_SDK/02_Software_Tool_Kit/sdk_v2.3/sdk/modules/build_vienna/CMakeFiles/CMakeTmp'
Building CXX object CMakeFiles/cmTC_567ab.dir/CMakeCXXCompilerABI.cpp.o
/opt/vtcs_toolchain/vienna/usr/bin/arm-linux-g++     -o CMakeFiles/cmTC_567ab.dir/CMakeCXXCompilerABI.cpp.o -c /usr/share/cmake-3.10/Modules/CMakeCXXCompilerABI.cpp
Linking CXX executable cmTC_567ab
/usr/bin/cmake -E cmake_link_script CMakeFiles/cmTC_567ab.dir/link.txt --verbose=1
/opt/vtcs_toolchain/vienna/usr/bin/arm-linux-g++      -v -rdynamic CMakeFiles/cmTC_567ab.dir/CMakeCXXCompilerABI.cpp.o  -o cmTC_567ab 
使用內建 specs。
COLLECT_GCC=/opt/vtcs_toolchain/vienna/usr/bin/arm-linux-g++.br_real
COLLECT_LTO_WRAPPER=/opt/vtcs_toolchain/vienna/usr/bin/../libexec/gcc/arm-buildroot-linux-uclibcgnueabihf/4.9.4/lto-wrapper
目的：arm-buildroot-linux-uclibcgnueabihf
配置為：./configure --prefix=/opt/vtcs_toolchain/vienna//usr --sysconfdir=/opt/vtcs_toolchain/vienna//etc --enable-static --target=arm-buildroot-linux-uclibcgnueabihf --with-sysroot=/opt/vtcs_toolchain/vienna//usr/arm-buildroot-linux-uclibcgnueabihf/sysroot --disable-__cxa_atexit --with-gnu-ld --disable-libssp --disable-multilib --with-gmp=/opt/vtcs_toolchain/vienna//usr --with-mpc=/opt/vtcs_toolchain/vienna//usr --with-mpfr=/opt/vtcs_toolchain/vienna//usr --with-pkgversion='Buildroot 2017.02.7' --with-bugurl=http://bugs.buildroot.net/ --disable-libquadmath --disable-libsanitizer --enable-tls --enable-plugins --enable-lto --disable-libmudflap --enable-threads --without-isl --without-cloog --disable-decimal-float --with-abi=aapcs-linux --with-cpu=cortex-a5 --with-fpu=neon-vfpv4 --with-float=hard --with-mode=arm --enable-languages=c,c++ --with-build-time-tools=/opt/vtcs_toolchain/vienna//usr/arm-buildroot-linux-uclibcgnueabihf/bin --enable-shared --disable-libgomp
執行緒模型：posix
gcc version 4.9.4 (Buildroot 2017.02.7) 
COMPILER_PATH=/opt/vtcs_toolchain/vienna/usr/bin/../libexec/gcc/arm-buildroot-linux-uclibcgnueabihf/4.9.4/:/opt/vtcs_toolchain/vienna/usr/bin/../libexec/gcc/:/opt/vtcs_toolchain/vienna/usr/bin/../lib/gcc/arm-buildroot-linux-uclibcgnueabihf/4.9.4/../../../../arm-buildroot-linux-uclibcgnueabihf/bin/
LIBRARY_PATH=/opt/vtcs_toolchain/vienna/usr/bin/../lib/gcc/arm-buildroot-linux-uclibcgnueabihf/4.9.4/:/opt/vtcs_toolchain/vienna/usr/bin/../lib/gcc/:/opt/vtcs_toolchain/vienna/usr/bin/../lib/gcc/arm-buildroot-linux-uclibcgnueabihf/4.9.4/../../../../arm-buildroot-linux-uclibcgnueabihf/lib/:/opt/vtcs_toolchain/vienna/usr/arm-buildroot-linux-uclibcgnueabihf/sysroot/lib/:/opt/vtcs_toolchain/vienna/usr/arm-buildroot-linux-uclibcgnueabihf/sysroot/usr/lib/
COLLECT_GCC_OPTIONS='-v' '-rdynamic' '-o' 'cmTC_567ab' '-shared-libgcc' '-mcpu=cortex-a5' '-mfloat-abi=hard' '-mfpu=neon-vfpv4' '-mabi=aapcs-linux' '-marm' '-mtls-dialect=gnu'
 /opt/vtcs_toolchain/vienna/usr/bin/../libexec/gcc/arm-buildroot-linux-uclibcgnueabihf/4.9.4/collect2 -plugin /opt/vtcs_toolchain/vienna/usr/bin/../libexec/gcc/arm-buildroot-linux-uclibcgnueabihf/4.9.4/liblto_plugin.so -plugin-opt=/opt/vtcs_toolchain/vienna/usr/bin/../libexec/gcc/arm-buildroot-linux-uclibcgnueabihf/4.9.4/lto-wrapper -plugin-opt=-fresolution=/tmp/ccoGGnZU.res -plugin-opt=-pass-through=-lgcc_s -plugin-opt=-pass-through=-lgcc -plugin-opt=-pass-through=-lc -plugin-opt=-pass-through=-lgcc_s -plugin-opt=-pass-through=-lgcc --sysroot=/opt/vtcs_toolchain/vienna/usr/arm-buildroot-linux-uclibcgnueabihf/sysroot --eh-frame-hdr -export-dynamic -dynamic-linker /lib/ld-uClibc.so.0 -X -m armelf_linux_eabi -o cmTC_567ab /opt/vtcs_toolchain/vienna/usr/arm-buildroot-linux-uclibcgnueabihf/sysroot/usr/lib/crt1.o /opt/vtcs_toolchain/vienna/usr/arm-buildroot-linux-uclibcgnueabihf/sysroot/usr/lib/crti.o /opt/vtcs_toolchain/vienna/usr/bin/../lib/gcc/arm-buildroot-linux-uclibcgnueabihf/4.9.4/crtbegin.o -L/opt/vtcs_toolchain/vienna/usr/bin/../lib/gcc/arm-buildroot-linux-uclibcgnueabihf/4.9.4 -L/opt/vtcs_toolchain/vienna/usr/bin/../lib/gcc -L/opt/vtcs_toolchain/vienna/usr/bin/../lib/gcc/arm-buildroot-linux-uclibcgnueabihf/4.9.4/../../../../arm-buildroot-linux-uclibcgnueabihf/lib -L/opt/vtcs_toolchain/vienna/usr/arm-buildroot-linux-uclibcgnueabihf/sysroot/lib -L/opt/vtcs_toolchain/vienna/usr/arm-buildroot-linux-uclibcgnueabihf/sysroot/usr/lib CMakeFiles/cmTC_567ab.dir/CMakeCXXCompilerABI.cpp.o -lstdc++ -lm -lgcc_s -lgcc -lc -lgcc_s -lgcc /opt/vtcs_toolchain/vienna/usr/bin/../lib/gcc/arm-buildroot-linux-uclibcgnueabihf/4.9.4/crtend.o /opt/vtcs_toolchain/vienna/usr/arm-buildroot-linux-uclibcgnueabihf/sysroot/usr/lib/crtn.o
make[1]: Leaving directory '/home/ethan/M5S-V2.3/03_SDK/02_Software_Tool_Kit/sdk_v2.3/sdk/modules/build_vienna/CMakeFiles/CMakeTmp'


Parsed CXX implicit link information from above output:
  link line regex: [^( *|.*[/\])(arm-linux-ld|CMAKE_LINK_STARTFILE-NOTFOUND|([^/\]+-)?ld|collect2)[^/\]*( |$)]
  ignore line: [Change Dir: /home/ethan/M5S-V2.3/03_SDK/02_Software_Tool_Kit/sdk_v2.3/sdk/modules/build_vienna/CMakeFiles/CMakeTmp]
  ignore line: []
  ignore line: [Run Build Command:"/usr/bin/make" "cmTC_567ab/fast"]
  ignore line: [/usr/bin/make -f CMakeFiles/cmTC_567ab.dir/build.make CMakeFiles/cmTC_567ab.dir/build]
  ignore line: [make[1]: Entering directory '/home/ethan/M5S-V2.3/03_SDK/02_Software_Tool_Kit/sdk_v2.3/sdk/modules/build_vienna/CMakeFiles/CMakeTmp']
  ignore line: [Building CXX object CMakeFiles/cmTC_567ab.dir/CMakeCXXCompilerABI.cpp.o]
  ignore line: [/opt/vtcs_toolchain/vienna/usr/bin/arm-linux-g++     -o CMakeFiles/cmTC_567ab.dir/CMakeCXXCompilerABI.cpp.o -c /usr/share/cmake-3.10/Modules/CMakeCXXCompilerABI.cpp]
  ignore line: [Linking CXX executable cmTC_567ab]
  ignore line: [/usr/bin/cmake -E cmake_link_script CMakeFiles/cmTC_567ab.dir/link.txt --verbose=1]
  ignore line: [/opt/vtcs_toolchain/vienna/usr/bin/arm-linux-g++      -v -rdynamic CMakeFiles/cmTC_567ab.dir/CMakeCXXCompilerABI.cpp.o  -o cmTC_567ab ]
  ignore line: [使用內建 specs。]
  ignore line: [COLLECT_GCC=/opt/vtcs_toolchain/vienna/usr/bin/arm-linux-g++.br_real]
  ignore line: [COLLECT_LTO_WRAPPER=/opt/vtcs_toolchain/vienna/usr/bin/../libexec/gcc/arm-buildroot-linux-uclibcgnueabihf/4.9.4/lto-wrapper]
  ignore line: [目的：arm-buildroot-linux-uclibcgnueabihf]
  ignore line: [配置為：./configure --prefix=/opt/vtcs_toolchain/vienna//usr --sysconfdir=/opt/vtcs_toolchain/vienna//etc --enable-static --target=arm-buildroot-linux-uclibcgnueabihf --with-sysroot=/opt/vtcs_toolchain/vienna//usr/arm-buildroot-linux-uclibcgnueabihf/sysroot --disable-__cxa_atexit --with-gnu-ld --disable-libssp --disable-multilib --with-gmp=/opt/vtcs_toolchain/vienna//usr --with-mpc=/opt/vtcs_toolchain/vienna//usr --with-mpfr=/opt/vtcs_toolchain/vienna//usr --with-pkgversion='Buildroot 2017.02.7' --with-bugurl=http://bugs.buildroot.net/ --disable-libquadmath --disable-libsanitizer --enable-tls --enable-plugins --enable-lto --disable-libmudflap --enable-threads --without-isl --without-cloog --disable-decimal-float --with-abi=aapcs-linux --with-cpu=cortex-a5 --with-fpu=neon-vfpv4 --with-float=hard --with-mode=arm --enable-languages=c,c++ --with-build-time-tools=/opt/vtcs_toolchain/vienna//usr/arm-buildroot-linux-uclibcgnueabihf/bin --enable-shared --disable-libgomp]
  ignore line: [執行緒模型：posix]
  ignore line: [gcc version 4.9.4 (Buildroot 2017.02.7) ]
  ignore line: [COMPILER_PATH=/opt/vtcs_toolchain/vienna/usr/bin/../libexec/gcc/arm-buildroot-linux-uclibcgnueabihf/4.9.4/:/opt/vtcs_toolchain/vienna/usr/bin/../libexec/gcc/:/opt/vtcs_toolchain/vienna/usr/bin/../lib/gcc/arm-buildroot-linux-uclibcgnueabihf/4.9.4/../../../../arm-buildroot-linux-uclibcgnueabihf/bin/]
  ignore line: [LIBRARY_PATH=/opt/vtcs_toolchain/vienna/usr/bin/../lib/gcc/arm-buildroot-linux-uclibcgnueabihf/4.9.4/:/opt/vtcs_toolchain/vienna/usr/bin/../lib/gcc/:/opt/vtcs_toolchain/vienna/usr/bin/../lib/gcc/arm-buildroot-linux-uclibcgnueabihf/4.9.4/../../../../arm-buildroot-linux-uclibcgnueabihf/lib/:/opt/vtcs_toolchain/vienna/usr/arm-buildroot-linux-uclibcgnueabihf/sysroot/lib/:/opt/vtcs_toolchain/vienna/usr/arm-buildroot-linux-uclibcgnueabihf/sysroot/usr/lib/]
  ignore line: [COLLECT_GCC_OPTIONS='-v' '-rdynamic' '-o' 'cmTC_567ab' '-shared-libgcc' '-mcpu=cortex-a5' '-mfloat-abi=hard' '-mfpu=neon-vfpv4' '-mabi=aapcs-linux' '-marm' '-mtls-dialect=gnu']
  link line: [ /opt/vtcs_toolchain/vienna/usr/bin/../libexec/gcc/arm-buildroot-linux-uclibcgnueabihf/4.9.4/collect2 -plugin /opt/vtcs_toolchain/vienna/usr/bin/../libexec/gcc/arm-buildroot-linux-uclibcgnueabihf/4.9.4/liblto_plugin.so -plugin-opt=/opt/vtcs_toolchain/vienna/usr/bin/../libexec/gcc/arm-buildroot-linux-uclibcgnueabihf/4.9.4/lto-wrapper -plugin-opt=-fresolution=/tmp/ccoGGnZU.res -plugin-opt=-pass-through=-lgcc_s -plugin-opt=-pass-through=-lgcc -plugin-opt=-pass-through=-lc -plugin-opt=-pass-through=-lgcc_s -plugin-opt=-pass-through=-lgcc --sysroot=/opt/vtcs_toolchain/vienna/usr/arm-buildroot-linux-uclibcgnueabihf/sysroot --eh-frame-hdr -export-dynamic -dynamic-linker /lib/ld-uClibc.so.0 -X -m armelf_linux_eabi -o cmTC_567ab /opt/vtcs_toolchain/vienna/usr/arm-buildroot-linux-uclibcgnueabihf/sysroot/usr/lib/crt1.o /opt/vtcs_toolchain/vienna/usr/arm-buildroot-linux-uclibcgnueabihf/sysroot/usr/lib/crti.o /opt/vtcs_toolchain/vienna/usr/bin/../lib/gcc/arm-buildroot-linux-uclibcgnueabihf/4.9.4/crtbegin.o -L/opt/vtcs_toolchain/vienna/usr/bin/../lib/gcc/arm-buildroot-linux-uclibcgnueabihf/4.9.4 -L/opt/vtcs_toolchain/vienna/usr/bin/../lib/gcc -L/opt/vtcs_toolchain/vienna/usr/bin/../lib/gcc/arm-buildroot-linux-uclibcgnueabihf/4.9.4/../../../../arm-buildroot-linux-uclibcgnueabihf/lib -L/opt/vtcs_toolchain/vienna/usr/arm-buildroot-linux-uclibcgnueabihf/sysroot/lib -L/opt/vtcs_toolchain/vienna/usr/arm-buildroot-linux-uclibcgnueabihf/sysroot/usr/lib CMakeFiles/cmTC_567ab.dir/CMakeCXXCompilerABI.cpp.o -lstdc++ -lm -lgcc_s -lgcc -lc -lgcc_s -lgcc /opt/vtcs_toolchain/vienna/usr/bin/../lib/gcc/arm-buildroot-linux-uclibcgnueabihf/4.9.4/crtend.o /opt/vtcs_toolchain/vienna/usr/arm-buildroot-linux-uclibcgnueabihf/sysroot/usr/lib/crtn.o]
    arg [/opt/vtcs_toolchain/vienna/usr/bin/../libexec/gcc/arm-buildroot-linux-uclibcgnueabihf/4.9.4/collect2] ==> ignore
    arg [-plugin] ==> ignore
    arg [/opt/vtcs_toolchain/vienna/usr/bin/../libexec/gcc/arm-buildroot-linux-uclibcgnueabihf/4.9.4/liblto_plugin.so] ==> ignore
    arg [-plugin-opt=/opt/vtcs_toolchain/vienna/usr/bin/../libexec/gcc/arm-buildroot-linux-uclibcgnueabihf/4.9.4/lto-wrapper] ==> ignore
    arg [-plugin-opt=-fresolution=/tmp/ccoGGnZU.res] ==> ignore
    arg [-plugin-opt=-pass-through=-lgcc_s] ==> ignore
    arg [-plugin-opt=-pass-through=-lgcc] ==> ignore
    arg [-plugin-opt=-pass-through=-lc] ==> ignore
    arg [-plugin-opt=-pass-through=-lgcc_s] ==> ignore
    arg [-plugin-opt=-pass-through=-lgcc] ==> ignore
    arg [--sysroot=/opt/vtcs_toolchain/vienna/usr/arm-buildroot-linux-uclibcgnueabihf/sysroot] ==> ignore
    arg [--eh-frame-hdr] ==> ignore
    arg [-export-dynamic] ==> ignore
    arg [-dynamic-linker] ==> ignore
    arg [/lib/ld-uClibc.so.0] ==> ignore
    arg [-X] ==> ignore
    arg [-m] ==> ignore
    arg [armelf_linux_eabi] ==> ignore
    arg [-o] ==> ignore
    arg [cmTC_567ab] ==> ignore
    arg [/opt/vtcs_toolchain/vienna/usr/arm-buildroot-linux-uclibcgnueabihf/sysroot/usr/lib/crt1.o] ==> ignore
    arg [/opt/vtcs_toolchain/vienna/usr/arm-buildroot-linux-uclibcgnueabihf/sysroot/usr/lib/crti.o] ==> ignore
    arg [/opt/vtcs_toolchain/vienna/usr/bin/../lib/gcc/arm-buildroot-linux-uclibcgnueabihf/4.9.4/crtbegin.o] ==> ignore
    arg [-L/opt/vtcs_toolchain/vienna/usr/bin/../lib/gcc/arm-buildroot-linux-uclibcgnueabihf/4.9.4] ==> dir [/opt/vtcs_toolchain/vienna/usr/bin/../lib/gcc/arm-buildroot-linux-uclibcgnueabihf/4.9.4]
    arg [-L/opt/vtcs_toolchain/vienna/usr/bin/../lib/gcc] ==> dir [/opt/vtcs_toolchain/vienna/usr/bin/../lib/gcc]
    arg [-L/opt/vtcs_toolchain/vienna/usr/bin/../lib/gcc/arm-buildroot-linux-uclibcgnueabihf/4.9.4/../../../../arm-buildroot-linux-uclibcgnueabihf/lib] ==> dir [/opt/vtcs_toolchain/vienna/usr/bin/../lib/gcc/arm-buildroot-linux-uclibcgnueabihf/4.9.4/../../../../arm-buildroot-linux-uclibcgnueabihf/lib]
    arg [-L/opt/vtcs_toolchain/vienna/usr/arm-buildroot-linux-uclibcgnueabihf/sysroot/lib] ==> dir [/opt/vtcs_toolchain/vienna/usr/arm-buildroot-linux-uclibcgnueabihf/sysroot/lib]
    arg [-L/opt/vtcs_toolchain/vienna/usr/arm-buildroot-linux-uclibcgnueabihf/sysroot/usr/lib] ==> dir [/opt/vtcs_toolchain/vienna/usr/arm-buildroot-linux-uclibcgnueabihf/sysroot/usr/lib]
    arg [CMakeFiles/cmTC_567ab.dir/CMakeCXXCompilerABI.cpp.o] ==> ignore
    arg [-lstdc++] ==> lib [stdc++]
    arg [-lm] ==> lib [m]
    arg [-lgcc_s] ==> lib [gcc_s]
    arg [-lgcc] ==> lib [gcc]
    arg [-lc] ==> lib [c]
    arg [-lgcc_s] ==> lib [gcc_s]
    arg [-lgcc] ==> lib [gcc]
    arg [/opt/vtcs_toolchain/vienna/usr/bin/../lib/gcc/arm-buildroot-linux-uclibcgnueabihf/4.9.4/crtend.o] ==> ignore
    arg [/opt/vtcs_toolchain/vienna/usr/arm-buildroot-linux-uclibcgnueabihf/sysroot/usr/lib/crtn.o] ==> ignore
  collapse library dir [/opt/vtcs_toolchain/vienna/usr/bin/../lib/gcc/arm-buildroot-linux-uclibcgnueabihf/4.9.4] ==> [/opt/vtcs_toolchain/vienna/usr/lib/gcc/arm-buildroot-linux-uclibcgnueabihf/4.9.4]
  collapse library dir [/opt/vtcs_toolchain/vienna/usr/bin/../lib/gcc] ==> [/opt/vtcs_toolchain/vienna/usr/lib/gcc]
  collapse library dir [/opt/vtcs_toolchain/vienna/usr/bin/../lib/gcc/arm-buildroot-linux-uclibcgnueabihf/4.9.4/../../../../arm-buildroot-linux-uclibcgnueabihf/lib] ==> [/opt/vtcs_toolchain/vienna/usr/arm-buildroot-linux-uclibcgnueabihf/lib]
  collapse library dir [/opt/vtcs_toolchain/vienna/usr/arm-buildroot-linux-uclibcgnueabihf/sysroot/lib] ==> [/opt/vtcs_toolchain/vienna/usr/arm-buildroot-linux-uclibcgnueabihf/sysroot/lib]
  collapse library dir [/opt/vtcs_toolchain/vienna/usr/arm-buildroot-linux-uclibcgnueabihf/sysroot/usr/lib] ==> [/opt/vtcs_toolchain/vienna/usr/arm-buildroot-linux-uclibcgnueabihf/sysroot/usr/lib]
  implicit libs: [stdc++;m;gcc_s;gcc;c;gcc_s;gcc]
  implicit dirs: [/opt/vtcs_toolchain/vienna/usr/lib/gcc/arm-buildroot-linux-uclibcgnueabihf/4.9.4;/opt/vtcs_toolchain/vienna/usr/lib/gcc;/opt/vtcs_toolchain/vienna/usr/arm-buildroot-linux-uclibcgnueabihf/lib;/opt/vtcs_toolchain/vienna/usr/arm-buildroot-linux-uclibcgnueabihf/sysroot/lib;/opt/vtcs_toolchain/vienna/usr/arm-buildroot-linux-uclibcgnueabihf/sysroot/usr/lib]
  implicit fwks: []




Detecting CXX [-std=c++14] compiler features compiled with the following output:
Change Dir: /home/ethan/M5S-V2.3/03_SDK/02_Software_Tool_Kit/sdk_v2.3/sdk/modules/build_vienna/CMakeFiles/CMakeTmp

Run Build Command:"/usr/bin/make" "cmTC_8176b/fast"
/usr/bin/make -f CMakeFiles/cmTC_8176b.dir/build.make CMakeFiles/cmTC_8176b.dir/build
make[1]: Entering directory '/home/ethan/M5S-V2.3/03_SDK/02_Software_Tool_Kit/sdk_v2.3/sdk/modules/build_vienna/CMakeFiles/CMakeTmp'
Building CXX object CMakeFiles/cmTC_8176b.dir/feature_tests.cxx.o
/opt/vtcs_toolchain/vienna/usr/bin/arm-linux-g++    -std=c++14 -o CMakeFiles/cmTC_8176b.dir/feature_tests.cxx.o -c /home/ethan/M5S-V2.3/03_SDK/02_Software_Tool_Kit/sdk_v2.3/sdk/modules/build_vienna/CMakeFiles/feature_tests.cxx
Linking CXX executable cmTC_8176b
/usr/bin/cmake -E cmake_link_script CMakeFiles/cmTC_8176b.dir/link.txt --verbose=1
/opt/vtcs_toolchain/vienna/usr/bin/arm-linux-g++       -rdynamic CMakeFiles/cmTC_8176b.dir/feature_tests.cxx.o  -o cmTC_8176b 
make[1]: Leaving directory '/home/ethan/M5S-V2.3/03_SDK/02_Software_Tool_Kit/sdk_v2.3/sdk/modules/build_vienna/CMakeFiles/CMakeTmp'


    Feature record: CXX_FEATURE:0cxx_aggregate_default_initializers
    Feature record: CXX_FEATURE:1cxx_alias_templates
    Feature record: CXX_FEATURE:1cxx_alignas
    Feature record: CXX_FEATURE:1cxx_alignof
    Feature record: CXX_FEATURE:1cxx_attributes
    Feature record: CXX_FEATURE:1cxx_attribute_deprecated
    Feature record: CXX_FEATURE:1cxx_auto_type
    Feature record: CXX_FEATURE:1cxx_binary_literals
    Feature record: CXX_FEATURE:1cxx_constexpr
    Feature record: CXX_FEATURE:1cxx_contextual_conversions
    Feature record: CXX_FEATURE:1cxx_decltype
    Feature record: CXX_FEATURE:1cxx_decltype_auto
    Feature record: CXX_FEATURE:1cxx_decltype_incomplete_return_types
    Feature record: CXX_FEATURE:1cxx_default_function_template_args
    Feature record: CXX_FEATURE:1cxx_defaulted_functions
    Feature record: CXX_FEATURE:1cxx_defaulted_move_initializers
    Feature record: CXX_FEATURE:1cxx_delegating_constructors
    Feature record: CXX_FEATURE:1cxx_deleted_functions
    Feature record: CXX_FEATURE:1cxx_digit_separators
    Feature record: CXX_FEATURE:1cxx_enum_forward_declarations
    Feature record: CXX_FEATURE:1cxx_explicit_conversions
    Feature record: CXX_FEATURE:1cxx_extended_friend_declarations
    Feature record: CXX_FEATURE:1cxx_extern_templates
    Feature record: CXX_FEATURE:1cxx_final
    Feature record: CXX_FEATURE:1cxx_func_identifier
    Feature record: CXX_FEATURE:1cxx_generalized_initializers
    Feature record: CXX_FEATURE:1cxx_generic_lambdas
    Feature record: CXX_FEATURE:1cxx_inheriting_constructors
    Feature record: CXX_FEATURE:1cxx_inline_namespaces
    Feature record: CXX_FEATURE:1cxx_lambdas
    Feature record: CXX_FEATURE:1cxx_lambda_init_captures
    Feature record: CXX_FEATURE:1cxx_local_type_template_args
    Feature record: CXX_FEATURE:1cxx_long_long_type
    Feature record: CXX_FEATURE:1cxx_noexcept
    Feature record: CXX_FEATURE:1cxx_nonstatic_member_init
    Feature record: CXX_FEATURE:1cxx_nullptr
    Feature record: CXX_FEATURE:1cxx_override
    Feature record: CXX_FEATURE:1cxx_range_for
    Feature record: CXX_FEATURE:1cxx_raw_string_literals
    Feature record: CXX_FEATURE:1cxx_reference_qualified_functions
    Feature record: CXX_FEATURE:0cxx_relaxed_constexpr
    Feature record: CXX_FEATURE:1cxx_return_type_deduction
    Feature record: CXX_FEATURE:1cxx_right_angle_brackets
    Feature record: CXX_FEATURE:1cxx_rvalue_references
    Feature record: CXX_FEATURE:1cxx_sizeof_member
    Feature record: CXX_FEATURE:1cxx_static_assert
    Feature record: CXX_FEATURE:1cxx_strong_enums
    Feature record: CXX_FEATURE:1cxx_template_template_parameters
    Feature record: CXX_FEATURE:1cxx_thread_local
    Feature record: CXX_FEATURE:1cxx_trailing_return_types
    Feature record: CXX_FEATURE:1cxx_unicode_literals
    Feature record: CXX_FEATURE:1cxx_uniform_initialization
    Feature record: CXX_FEATURE:1cxx_unrestricted_unions
    Feature record: CXX_FEATURE:1cxx_user_literals
    Feature record: CXX_FEATURE:0cxx_variable_templates
    Feature record: CXX_FEATURE:1cxx_variadic_macros
    Feature record: CXX_FEATURE:1cxx_variadic_templates


Detecting CXX [-std=c++11] compiler features compiled with the following output:
Change Dir: /home/ethan/M5S-V2.3/03_SDK/02_Software_Tool_Kit/sdk_v2.3/sdk/modules/build_vienna/CMakeFiles/CMakeTmp

Run Build Command:"/usr/bin/make" "cmTC_770f1/fast"
/usr/bin/make -f CMakeFiles/cmTC_770f1.dir/build.make CMakeFiles/cmTC_770f1.dir/build
make[1]: Entering directory '/home/ethan/M5S-V2.3/03_SDK/02_Software_Tool_Kit/sdk_v2.3/sdk/modules/build_vienna/CMakeFiles/CMakeTmp'
Building CXX object CMakeFiles/cmTC_770f1.dir/feature_tests.cxx.o
/opt/vtcs_toolchain/vienna/usr/bin/arm-linux-g++    -std=c++11 -o CMakeFiles/cmTC_770f1.dir/feature_tests.cxx.o -c /home/ethan/M5S-V2.3/03_SDK/02_Software_Tool_Kit/sdk_v2.3/sdk/modules/build_vienna/CMakeFiles/feature_tests.cxx
Linking CXX executable cmTC_770f1
/usr/bin/cmake -E cmake_link_script CMakeFiles/cmTC_770f1.dir/link.txt --verbose=1
/opt/vtcs_toolchain/vienna/usr/bin/arm-linux-g++       -rdynamic CMakeFiles/cmTC_770f1.dir/feature_tests.cxx.o  -o cmTC_770f1 
make[1]: Leaving directory '/home/ethan/M5S-V2.3/03_SDK/02_Software_Tool_Kit/sdk_v2.3/sdk/modules/build_vienna/CMakeFiles/CMakeTmp'


    Feature record: CXX_FEATURE:0cxx_aggregate_default_initializers
    Feature record: CXX_FEATURE:1cxx_alias_templates
    Feature record: CXX_FEATURE:1cxx_alignas
    Feature record: CXX_FEATURE:1cxx_alignof
    Feature record: CXX_FEATURE:1cxx_attributes
    Feature record: CXX_FEATURE:0cxx_attribute_deprecated
    Feature record: CXX_FEATURE:1cxx_auto_type
    Feature record: CXX_FEATURE:0cxx_binary_literals
    Feature record: CXX_FEATURE:1cxx_constexpr
    Feature record: CXX_FEATURE:0cxx_contextual_conversions
    Feature record: CXX_FEATURE:1cxx_decltype
    Feature record: CXX_FEATURE:0cxx_decltype_auto
    Feature record: CXX_FEATURE:1cxx_decltype_incomplete_return_types
    Feature record: CXX_FEATURE:1cxx_default_function_template_args
    Feature record: CXX_FEATURE:1cxx_defaulted_functions
    Feature record: CXX_FEATURE:1cxx_defaulted_move_initializers
    Feature record: CXX_FEATURE:1cxx_delegating_constructors
    Feature record: CXX_FEATURE:1cxx_deleted_functions
    Feature record: CXX_FEATURE:0cxx_digit_separators
    Feature record: CXX_FEATURE:1cxx_enum_forward_declarations
    Feature record: CXX_FEATURE:1cxx_explicit_conversions
    Feature record: CXX_FEATURE:1cxx_extended_friend_declarations
    Feature record: CXX_FEATURE:1cxx_extern_templates
    Feature record: CXX_FEATURE:1cxx_final
    Feature record: CXX_FEATURE:1cxx_func_identifier
    Feature record: CXX_FEATURE:1cxx_generalized_initializers
    Feature record: CXX_FEATURE:0cxx_generic_lambdas
    Feature record: CXX_FEATURE:1cxx_inheriting_constructors
    Feature record: CXX_FEATURE:1cxx_inline_namespaces
    Feature record: CXX_FEATURE:1cxx_lambdas
    Feature record: CXX_FEATURE:0cxx_lambda_init_captures
    Feature record: CXX_FEATURE:1cxx_local_type_template_args
    Feature record: CXX_FEATURE:1cxx_long_long_type
    Feature record: CXX_FEATURE:1cxx_noexcept
    Feature record: CXX_FEATURE:1cxx_nonstatic_member_init
    Feature record: CXX_FEATURE:1cxx_nullptr
    Feature record: CXX_FEATURE:1cxx_override
    Feature record: CXX_FEATURE:1cxx_range_for
    Feature record: CXX_FEATURE:1cxx_raw_string_literals
    Feature record: CXX_FEATURE:1cxx_reference_qualified_functions
    Feature record: CXX_FEATURE:0cxx_relaxed_constexpr
    Feature record: CXX_FEATURE:0cxx_return_type_deduction
    Feature record: CXX_FEATURE:1cxx_right_angle_brackets
    Feature record: CXX_FEATURE:1cxx_rvalue_references
    Feature record: CXX_FEATURE:1cxx_sizeof_member
    Feature record: CXX_FEATURE:1cxx_static_assert
    Feature record: CXX_FEATURE:1cxx_strong_enums
    Feature record: CXX_FEATURE:1cxx_template_template_parameters
    Feature record: CXX_FEATURE:1cxx_thread_local
    Feature record: CXX_FEATURE:1cxx_trailing_return_types
    Feature record: CXX_FEATURE:1cxx_unicode_literals
    Feature record: CXX_FEATURE:1cxx_uniform_initialization
    Feature record: CXX_FEATURE:1cxx_unrestricted_unions
    Feature record: CXX_FEATURE:1cxx_user_literals
    Feature record: CXX_FEATURE:0cxx_variable_templates
    Feature record: CXX_FEATURE:1cxx_variadic_macros
    Feature record: CXX_FEATURE:1cxx_variadic_templates


Detecting CXX [-std=c++98] compiler features compiled with the following output:
Change Dir: /home/ethan/M5S-V2.3/03_SDK/02_Software_Tool_Kit/sdk_v2.3/sdk/modules/build_vienna/CMakeFiles/CMakeTmp

Run Build Command:"/usr/bin/make" "cmTC_281ff/fast"
/usr/bin/make -f CMakeFiles/cmTC_281ff.dir/build.make CMakeFiles/cmTC_281ff.dir/build
make[1]: Entering directory '/home/ethan/M5S-V2.3/03_SDK/02_Software_Tool_Kit/sdk_v2.3/sdk/modules/build_vienna/CMakeFiles/CMakeTmp'
Building CXX object CMakeFiles/cmTC_281ff.dir/feature_tests.cxx.o
/opt/vtcs_toolchain/vienna/usr/bin/arm-linux-g++    -std=c++98 -o CMakeFiles/cmTC_281ff.dir/feature_tests.cxx.o -c /home/ethan/M5S-V2.3/03_SDK/02_Software_Tool_Kit/sdk_v2.3/sdk/modules/build_vienna/CMakeFiles/feature_tests.cxx
Linking CXX executable cmTC_281ff
/usr/bin/cmake -E cmake_link_script CMakeFiles/cmTC_281ff.dir/link.txt --verbose=1
/opt/vtcs_toolchain/vienna/usr/bin/arm-linux-g++       -rdynamic CMakeFiles/cmTC_281ff.dir/feature_tests.cxx.o  -o cmTC_281ff 
make[1]: Leaving directory '/home/ethan/M5S-V2.3/03_SDK/02_Software_Tool_Kit/sdk_v2.3/sdk/modules/build_vienna/CMakeFiles/CMakeTmp'


    Feature record: CXX_FEATURE:0cxx_aggregate_default_initializers
    Feature record: CXX_FEATURE:0cxx_alias_templates
    Feature record: CXX_FEATURE:0cxx_alignas
    Feature record: CXX_FEATURE:0cxx_alignof
    Feature record: CXX_FEATURE:0cxx_attributes
    Feature record: CXX_FEATURE:0cxx_attribute_deprecated
    Feature record: CXX_FEATURE:0cxx_auto_type
    Feature record: CXX_FEATURE:0cxx_binary_literals
    Feature record: CXX_FEATURE:0cxx_constexpr
    Feature record: CXX_FEATURE:0cxx_contextual_conversions
    Feature record: CXX_FEATURE:0cxx_decltype
    Feature record: CXX_FEATURE:0cxx_decltype_auto
    Feature record: CXX_FEATURE:0cxx_decltype_incomplete_return_types
    Feature record: CXX_FEATURE:0cxx_default_function_template_args
    Feature record: CXX_FEATURE:0cxx_defaulted_functions
    Feature record: CXX_FEATURE:0cxx_defaulted_move_initializers
    Feature record: CXX_FEATURE:0cxx_delegating_constructors
    Feature record: CXX_FEATURE:0cxx_deleted_functions
    Feature record: CXX_FEATURE:0cxx_digit_separators
    Feature record: CXX_FEATURE:0cxx_enum_forward_declarations
    Feature record: CXX_FEATURE:0cxx_explicit_conversions
    Feature record: CXX_FEATURE:0cxx_extended_friend_declarations
    Feature record: CXX_FEATURE:0cxx_extern_templates
    Feature record: CXX_FEATURE:0cxx_final
    Feature record: CXX_FEATURE:0cxx_func_identifier
    Feature record: CXX_FEATURE:0cxx_generalized_initializers
    Feature record: CXX_FEATURE:0cxx_generic_lambdas
    Feature record: CXX_FEATURE:0cxx_inheriting_constructors
    Feature record: CXX_FEATURE:0cxx_inline_namespaces
    Feature record: CXX_FEATURE:0cxx_lambdas
    Feature record: CXX_FEATURE:0cxx_lambda_init_captures
    Feature record: CXX_FEATURE:0cxx_local_type_template_args
    Feature record: CXX_FEATURE:0cxx_long_long_type
    Feature record: CXX_FEATURE:0cxx_noexcept
    Feature record: CXX_FEATURE:0cxx_nonstatic_member_init
    Feature record: CXX_FEATURE:0cxx_nullptr
    Feature record: CXX_FEATURE:0cxx_override
    Feature record: CXX_FEATURE:0cxx_range_for
    Feature record: CXX_FEATURE:0cxx_raw_string_literals
    Feature record: CXX_FEATURE:0cxx_reference_qualified_functions
    Feature record: CXX_FEATURE:0cxx_relaxed_constexpr
    Feature record: CXX_FEATURE:0cxx_return_type_deduction
    Feature record: CXX_FEATURE:0cxx_right_angle_brackets
    Feature record: CXX_FEATURE:0cxx_rvalue_references
    Feature record: CXX_FEATURE:0cxx_sizeof_member
    Feature record: CXX_FEATURE:0cxx_static_assert
    Feature record: CXX_FEATURE:0cxx_strong_enums
    Feature record: CXX_FEATURE:1cxx_template_template_parameters
    Feature record: CXX_FEATURE:0cxx_thread_local
    Feature record: CXX_FEATURE:0cxx_trailing_return_types
    Feature record: CXX_FEATURE:0cxx_unicode_literals
    Feature record: CXX_FEATURE:0cxx_uniform_initialization
    Feature record: CXX_FEATURE:0cxx_unrestricted_unions
    Feature record: CXX_FEATURE:0cxx_user_literals
    Feature record: CXX_FEATURE:0cxx_variable_templates
    Feature record: CXX_FEATURE:0cxx_variadic_macros
    Feature record: CXX_FEATURE:0cxx_variadic_templates
